#
# A fatal error has been detected by the Java Runtime Environment:
#
#  Internal Error (jvmciRuntime.cpp:1609), pid=31, tid=45
#  fatal error: Fatal exception in JVMCI: Error calling jdk.vm.ci.services.Services.serializeSavedProperties
#
# JRE version: OpenJDK Runtime Environment GraalVM CE 22.3.0 (17.0.5+8) (build 17.0.5+8-jvmci-22.3-b08)
# Java VM: OpenJDK 64-Bit Server VM GraalVM CE 22.3.0 (17.0.5+8-jvmci-22.3-b08, mixed mode, sharing, tiered, jvmci, jvmci compiler, compressed oops, compressed class ptrs, parallel gc, linux-amd64)
# Problematic frame:
# V  [libjvm.so+0x972714]  JVMCIRuntime::fatal_exception(JVMCIEnv*, char const*)+0x74
#
# Core dump will be written. Default location: Core dumps may be processed with "/usr/share/apport/apport -p%p -s%s -c%c -d%d -P%P -u%u -g%g -- %E" (or dumping to /home/runner/z34/core.31)
#
# If you would like to submit a bug report, please visit:
#   https://github.com/oracle/graal/issues
#

---------------  S U M M A R Y ------------

Command Line: -XX:ThreadPriorityPolicy=1 -XX:+UnlockExperimentalVMOptions -XX:+EnableJVMCIProduct -XX:JVMCIThreadsPerNativeLibraryRuntime=1 -XX:-UnlockExperimentalVMOptions -Declipse.application=org.eclipse.jdt.ls.core.id1 -Dosgi.bundles.defaultStartLevel=4 -Declipse.product=org.eclipse.jdt.ls.core.product -Dlog.level=ALL -Xverify:none -XX:+UseParallelGC -XX:GCTimeRatio=4 -XX:AdaptiveSizePolicyWeight=90 -Dsun.zip.disableMemoryMapping=true -Xmx512m -Xms100m /nix/store/m6gcpi1ii6rghy04cjwjddcavv7i90df-jdt-language-server-1.9.0/share/java/plugins/org.eclipse.equinox.launcher_1.6.400.v20210924-0641.jar --add-modules=ALL-SYSTEM --add-opens java.base/java.util=ALL-UNNAMED --add-opens java.base/java.lang=ALL-UNNAMED -configuration /home/runner/.cache/jdt-language-server/config -data /home/runner/.cache/jdt-language-server/data/home/runner/z34

Host: AMD EPYC 7B12, 8 cores, 1G, Ubuntu 20.04.2 LTS
Time: Tue Mar  7 18:49:48 2023 UTC elapsed time: 1184.920573 seconds (0d 0h 19m 44s)

---------------  T H R E A D  ---------------

Current thread (0x00007f9d740b21b0):  JavaThread "JVMCI-native CompilerThread0" daemon [_thread_in_vm, id=45, stack(0x00007f9d5861a000,0x00007f9d5881a000)]


Current CompileTask:
JVMCI-native:1184922 6812   !   4       jdk.internal.ref.PhantomCleanable::remove (60 bytes)

Stack: [0x00007f9d5861a000,0x00007f9d5881a000],  sp=0x00007f9d58818380,  free space=2040k
Native frames: (J=compiled Java code, j=interpreted, Vv=VM code, C=native code)
V  [libjvm.so+0x972714]  JVMCIRuntime::fatal_exception(JVMCIEnv*, char const*)+0x74
V  [libjvm.so+0x93e2fe]  JVMCIEnv::copy_saved_properties()+0x14e
V  [libjvm.so+0x9732a9]  JVMCIRuntime::initialize(JVMCIEnv*)+0xb19
V  [libjvm.so+0x9738a2]  JVMCIRuntime::get_HotSpotJVMCIRuntime(JVMCIEnv*)+0x12
V  [libjvm.so+0x9749f2]  JVMCIRuntime::compile_method(JVMCIEnv*, JVMCICompiler*, methodHandle const&, int)+0xd2
V  [libjvm.so+0x5b0d20]  CompileBroker::invoke_compiler_on_method(CompileTask*)+0x1470
V  [libjvm.so+0x5b12e8]  CompileBroker::compiler_thread_loop()+0x528
V  [libjvm.so+0xd82460]  JavaThread::thread_main_inner()+0xd0
V  [libjvm.so+0xd85a40]  Thread::call_run()+0xc0
V  [libjvm.so+0xbdb1e1]  thread_native_entry(Thread*)+0xe1

Register to memory mapping:

RAX=0x00007f9d782b8000 points into unknown readable memory: 0x0000000000000058 | 58 00 00 00 00 00 00 00
RBX=0x00007f9d793b3398: <offset 0x0000000000ef5398> in /nix/store/gpxl5qgg8kicmcvivwmybwjlpf7wh20l-graalvm17-ce-22.3.0/lib/server/libjvm.so at 0x00007f9d784be000
RCX=0x00007f9d7936b1e8: <offset 0x0000000000ead1e8> in /nix/store/gpxl5qgg8kicmcvivwmybwjlpf7wh20l-graalvm17-ce-22.3.0/lib/server/libjvm.so at 0x00007f9d784be000
RDX=0x0000000000000649 is an unknown value
RSP=0x00007f9d58818380 is pointing into the stack for thread: 0x00007f9d740b21b0
RBP=0x00007f9d588183a0 is pointing into the stack for thread: 0x00007f9d740b21b0
RSI=0x00007f9d793b3c48: <offset 0x0000000000ef5c48> in /nix/store/gpxl5qgg8kicmcvivwmybwjlpf7wh20l-graalvm17-ce-22.3.0/lib/server/libjvm.so at 0x00007f9d784be000
RDI=0x00000000e0000000 is an oop: [Ljava.lang.ref.SoftReference; 
{0x00000000e0000000} - klass: 'java/lang/ref/SoftReference'[]
 - length: 26
R8 =0x00007f9d793b3398: <offset 0x0000000000ef5398> in /nix/store/gpxl5qgg8kicmcvivwmybwjlpf7wh20l-graalvm17-ce-22.3.0/lib/server/libjvm.so at 0x00007f9d784be000
R9 =0x00007f9d58818330 is pointing into the stack for thread: 0x00007f9d740b21b0
R10=0x00007f9d58819948 is pointing into the stack for thread: 0x00007f9d740b21b0
R11=0x0000000000000293 is an unknown value
R12=0x0 is NULL
R13=0x00007f9d740b21b0 is a thread
R14=0x00007f9d74000b80 points into unknown readable memory: 0x00007f9d795e4a38 | 38 4a 5e 79 9d 7f 00 00
R15=0x00007f9d796f2e40: <offset 0x0000000001234e40> in /nix/store/gpxl5qgg8kicmcvivwmybwjlpf7wh20l-graalvm17-ce-22.3.0/lib/server/libjvm.so at 0x00007f9d784be000


Registers:
RAX=0x00007f9d782b8000, RBX=0x00007f9d793b3398, RCX=0x00007f9d7936b1e8, RDX=0x0000000000000649
RSP=0x00007f9d58818380, RBP=0x00007f9d588183a0, RSI=0x00007f9d793b3c48, RDI=0x00000000e0000000
R8 =0x00007f9d793b3398, R9 =0x00007f9d58818330, R10=0x00007f9d58819948, R11=0x0000000000000293
R12=0x0000000000000000, R13=0x00007f9d740b21b0, R14=0x00007f9d74000b80, R15=0x00007f9d796f2e40
RIP=0x00007f9d78e30714, EFLAGS=0x0000000000010206, CSGSFS=0x002b000000000033, ERR=0x0000000000000006
  TRAPNO=0x000000000000000e

Top of Stack: (sp=0x00007f9d58818380)
0x00007f9d58818380:   00007f9d58818940 00007f9d740b21b0
0x00007f9d58818390:   00007f9d5a0aa8c8 0000000800c417a0
0x00007f9d588183a0:   00007f9d58818500 00007f9d78dfc2fe
0x00007f9d588183b0:   00007f9d588183e0 00007f9d58818440 

Instructions: (pc=0x00007f9d78e30714)
0x00007f9d78e30614:   30 e8 f6 cf e8 ff 4c 89 e7 e8 2e 48 d1 ff 84 db
0x00007f9d78e30624:   75 2a 4d 85 ed 74 04 4d 8b 6d 00 48 83 c4 08 44
0x00007f9d78e30634:   89 f9 4c 89 f2 4c 89 ee 5b 4c 89 e7 41 5c 41 5d
0x00007f9d78e30644:   41 5e 41 5f 5d e9 e2 47 d1 ff 66 90 48 83 c4 08
0x00007f9d78e30654:   5b 41 5c 41 5d 41 5e 41 5f 5d c3 90 31 d2 be 08
0x00007f9d78e30664:   00 00 00 4c 89 ff e8 b1 78 a3 ff 49 89 c5 e9 37
0x00007f9d78e30674:   ff ff ff 66 0f 1f 84 00 00 00 00 00 48 8b 7a 08
0x00007f9d78e30684:   e9 6d ff ff ff 0f 1f 80 00 00 00 00 e8 5b 48 0a
0x00007f9d78e30694:   00 84 c0 75 89 e9 6a ff ff ff 66 90 55 48 89 e5
0x00007f9d78e306a4:   41 56 41 55 41 54 49 89 fc 53 48 89 f3 66 48 8d
0x00007f9d78e306b4:   3d 27 5e 85 00 66 66 48 e8 df 43 8d ff 4c 8b 28
0x00007f9d78e306c4:   8b 05 be 72 8a 00 85 c0 75 14 ba 01 00 00 00 48
0x00007f9d78e306d4:   8d 0d ae 72 8a 00 f0 0f b1 11 85 c0 74 4e be c8
0x00007f9d78e306e4:   00 00 00 4c 89 ef e8 01 0b 41 00 48 8d 05 12 ac
0x00007f9d78e306f4:   85 00 49 89 d8 48 8d 0d e8 aa 53 00 ba 49 06 00
0x00007f9d78e30704:   00 48 8d 35 3c 35 58 00 bf 00 00 00 e0 48 8b 00
0x00007f9d78e30714:   c6 00 58 31 c0 e8 e2 91 c6 ff 5b 41 5c 41 5d 41
0x00007f9d78e30724:   5e 5d e9 55 34 26 00 0f 1f 44 00 00 48 8d 05 81
0x00007f9d78e30734:   a3 8b 00 48 89 df 4c 8b 30 e8 9e 43 8d ff 48 89
0x00007f9d78e30744:   de 48 89 c2 49 8b 06 4c 89 f7 ff 50 08 4c 89 f7
0x00007f9d78e30754:   e8 a7 5c 27 00 4d 85 e4 74 12 be 01 00 00 00 4c
0x00007f9d78e30764:   89 e7 e8 35 43 fc ff eb 82 0f 1f 00 be 01 00 00
0x00007f9d78e30774:   00 4c 89 ef e8 d3 fd ff ff e9 6d ff ff ff 66 66
0x00007f9d78e30784:   2e 0f 1f 84 00 00 00 00 00 0f 1f 00 55 48 89 e5
0x00007f9d78e30794:   41 57 41 56 41 55 41 54 53 48 81 ec 08 02 00 00
0x00007f9d78e307a4:   64 48 8b 04 25 28 00 00 00 48 89 45 c8 8b 07 83
0x00007f9d78e307b4:   f8 02 0f 84 11 04 00 00 4c 8b 6f 18 49 89 ff 49
0x00007f9d78e307c4:   89 f4 4d 85 ed 74 14 4c 89 ef e8 5d 57 22 00 41
0x00007f9d78e307d4:   8b 07 83 f8 02 0f 84 19 04 00 00 48 8d 1d 9a 06
0x00007f9d78e307e4:   8a 00 4c 8d 35 0b 3c 58 00 eb 38 90 48 85 d2 7f
0x00007f9d78e307f4:   0d 48 8d 05 b4 c0 85 00 48 83 38 00 7e 0e 41 8b
0x00007f9d78e30804:   77 2c 4c 89 f7 31 c0 e8 a0 b2 f7 ff 49 8b 7f 18 


Stack slot to memory mapping:
stack at sp + 0 slots: 0x00007f9d58818940 is pointing into the stack for thread: 0x00007f9d740b21b0
stack at sp + 1 slots: 0x00007f9d740b21b0 is a thread
stack at sp + 2 slots: 0x00007f9d5a0aa8c8 points into unknown readable memory: 0x6573001880c9ffff | ff ff c9 80 18 00 73 65
stack at sp + 3 slots: 0x0000000800c417a0 is a pointer to class: 
jdk.vm.ci.services.Services {0x0000000800c417a0}
 - instance size:     2
 - klass size:        65
 - access:            public final synchronized 
 - state:             fully_initialized
 - name:              'jdk/vm/ci/services/Services'
 - super:             'java/lang/Object'
 - sub:               
 - arrays:            NULL
 - methods:           Array<T>(0x00007f9d590421a8)
 - method ordering:   Array<T>(0x0000000800928960)
 - default_methods:   Array<T>(0x0000000000000000)
 - local interfaces:  Array<T>(0x00000008005ce810)
 - trans. interfaces: Array<T>(0x00000008005ce810)
 - constants:         constant pool [427] {0x00007f9d59041288} for 'jdk/vm/ci/services/Services' cache=0x00007f9d59043478
 - class loader data:  loader data: 0x00007f9d740283d0 of 'bootstrap'
 - source file:       'Services.java'
 - class annotations:       Array<T>(0x0000000000000000)
 - class type annotations:  Array<T>(0x0000000000000000)
 - field annotations:       Array<T>(0x0000000000000000)
 - field type annotations:  Array<T>(0x0000000000000000)
 - inner classes:     Array<T>(0x00007f9d59043448)
 - nest members:     Array<T>(0x00007f9d59043468)
 - permitted subclasses:     Array<T>(0x00000008005ce7a0)
 - java mirror:       a 'java/lang/Class'{0x00000000e0179500} = 'jdk/vm/ci/services/Services'
 - vtable length      5  (start addr: 0x0000000800c41970)
 - itable length      2 (start addr: 0x0000000800c41998)
 - ---- static fields (3 words):
 - public static final 'IS_BUILDING_NATIVE_IMAGE' 'Z' @128 
 - public static final 'IS_IN_NATIVE_IMAGE' 'Z' @129 
 - private static volatile 'savedProperties' 'Ljava/util/Map;' @112 
 - static final 'JVMCI_ENABLED' 'Z' @130 
 - private static final 'servicesCache' 'Ljava/util/Map;' @116 
 - private static final 'MAX_UNICODE_IN_UTF8_LENGTH' 'I' @120 
 - private static final 'MAX_UTF8_PROPERTY_STRING_LENGTH' 'I' @124 
 - ---- non-static fields (0 words):
 - non-static oop maps: 
stack at sp + 4 slots: 0x00007f9d58818500 is pointing into the stack for thread: 0x00007f9d740b21b0
stack at sp + 5 slots: 0x00007f9d78dfc2fe: <offset 0x000000000093e2fe> in /nix/store/gpxl5qgg8kicmcvivwmybwjlpf7wh20l-graalvm17-ce-22.3.0/lib/server/libjvm.so at 0x00007f9d784be000
stack at sp + 6 slots: 0x00007f9d588183e0 is pointing into the stack for thread: 0x00007f9d740b21b0
stack at sp + 7 slots: 0x00007f9d58818440 is pointing into the stack for thread: 0x00007f9d740b21b0


---------------  P R O C E S S  ---------------

Threads class SMR info:
_java_thread_list=0x00007f9cd8099850, length=27, elements={
0x00007f9d74026670, 0x00007f9d740a64b0, 0x00007f9d740a78f0, 0x00007f9d740ae020,
0x00007f9d740af3d0, 0x00007f9d740b07c0, 0x00007f9d740b21b0, 0x00007f9d740b36c0,
0x00007f9d740b4b10, 0x00007f9d740d7a80, 0x00007f9d7411f6f0, 0x00007f9d74302970,
0x00007f9d74335d90, 0x00007f9d74338620, 0x00007f9d745fd7c0, 0x00007f9d08017190,
0x00007f9d082a2d10, 0x00007f9d0847fca0, 0x00007f9d085ef280, 0x00007f9d743dc3d0,
0x00007f9cf00075a0, 0x00007f9d74365250, 0x00007f9ce4000ff0, 0x00007f9cd80df830,
0x00007f9cf8001580, 0x00007f9ce40f2110, 0x00007f9cd80f6ec0
}

Java Threads: ( => current thread )
  0x00007f9d74026670 JavaThread "main" [_thread_blocked, id=37, stack(0x00007f9d782d9000,0x00007f9d783d9000)]
  0x00007f9d740a64b0 JavaThread "Reference Handler" daemon [_thread_blocked, id=40, stack(0x00007f9d58f00000,0x00007f9d59000000)]
  0x00007f9d740a78f0 JavaThread "Finalizer" daemon [_thread_blocked, id=41, stack(0x00007f9d58e00000,0x00007f9d58f00000)]
  0x00007f9d740ae020 JavaThread "Signal Dispatcher" daemon [_thread_blocked, id=42, stack(0x00007f9d58a1a000,0x00007f9d58b1a000)]
  0x00007f9d740af3d0 JavaThread "Service Thread" daemon [_thread_blocked, id=43, stack(0x00007f9d5891a000,0x00007f9d58a1a000)]
  0x00007f9d740b07c0 JavaThread "Monitor Deflation Thread" daemon [_thread_blocked, id=44, stack(0x00007f9d5881a000,0x00007f9d5891a000)]
=>0x00007f9d740b21b0 JavaThread "JVMCI-native CompilerThread0" daemon [_thread_in_vm, id=45, stack(0x00007f9d5861a000,0x00007f9d5881a000)]
  0x00007f9d740b36c0 JavaThread "C1 CompilerThread0" daemon [_thread_blocked, id=46, stack(0x00007f9d5841a000,0x00007f9d5861a000)]
  0x00007f9d740b4b10 JavaThread "Sweeper thread" daemon [_thread_blocked, id=47, stack(0x00007f9d5831a000,0x00007f9d5841a000)]
  0x00007f9d740d7a80 JavaThread "Common-Cleaner" daemon [_thread_blocked, id=48, stack(0x00007f9d5821a000,0x00007f9d5831a000)]
  0x00007f9d7411f6f0 JavaThread "Notification Thread" daemon [_thread_blocked, id=51, stack(0x00007f9d5811a000,0x00007f9d5821a000)]
  0x00007f9d74302970 JavaThread "Active Thread: Equinox Container: 0bdc5bb6-673f-40ab-bc81-a72cccc13aca" [_thread_blocked, id=64, stack(0x00007f9d20900000,0x00007f9d20a00000)]
  0x00007f9d74335d90 JavaThread "Framework Event Dispatcher: Equinox Container: 0bdc5bb6-673f-40ab-bc81-a72cccc13aca" daemon [_thread_blocked, id=65, stack(0x00007f9d20700000,0x00007f9d20800000)]
  0x00007f9d74338620 JavaThread "Start Level: Equinox Container: 0bdc5bb6-673f-40ab-bc81-a72cccc13aca" daemon [_thread_blocked, id=66, stack(0x00007f9d20500000,0x00007f9d20600000)]
  0x00007f9d745fd7c0 JavaThread "Refresh Thread: Equinox Container: 0bdc5bb6-673f-40ab-bc81-a72cccc13aca" daemon [_thread_blocked, id=75, stack(0x00007f9d20300000,0x00007f9d20400000)]
  0x00007f9d08017190 JavaThread "SCR Component Actor" daemon [_thread_blocked, id=76, stack(0x00007f9d20100000,0x00007f9d20200000)]
  0x00007f9d082a2d10 JavaThread "Worker-JM" [_thread_blocked, id=86, stack(0x00007f9d1fd00000,0x00007f9d1fe00000)]
  0x00007f9d0847fca0 JavaThread "Java indexing" daemon [_thread_blocked, id=97, stack(0x00007f9d1f700000,0x00007f9d1f800000)]
  0x00007f9d085ef280 JavaThread "Bundle File Closer" daemon [_thread_blocked, id=98, stack(0x00007f9d1f500000,0x00007f9d1f600000)]
  0x00007f9d743dc3d0 JavaThread "pool-3-thread-1" [_thread_blocked, id=106, stack(0x00007f9d1f300000,0x00007f9d1f400000)]
  0x00007f9cf00075a0 JavaThread "Worker-2: Compacting resource model" [_thread_blocked, id=108, stack(0x00007f9d1f100000,0x00007f9d1f200000)]
  0x00007f9d74365250 JavaThread "pool-2-thread-1" [_thread_blocked, id=109, stack(0x00007f9d1f000000,0x00007f9d1f100000)]
  0x00007f9ce4000ff0 JavaThread "Worker-3: Refreshing workspace" [_thread_blocked, id=110, stack(0x00007f9d1ff00000,0x00007f9d20000000)]
  0x00007f9cd80df830 JavaThread "Thread-3" [_thread_blocked, id=447, stack(0x00007f9d1ef00000,0x00007f9d1f000000)]
  0x00007f9cf8001580 JavaThread "Worker-6: Updating workspace" [_thread_blocked, id=952, stack(0x00007f9d1fb00000,0x00007f9d1fc00000)]
  0x00007f9ce40f2110 JavaThread "Worker-7: Publish Diagnostics" [_thread_blocked, id=1025, stack(0x00007f9d1f900000,0x00007f9d1fa00000)]
  0x00007f9cd80f6ec0 JavaThread "Thread-4" [_thread_blocked, id=3174, stack(0x00007f9d1eb00000,0x00007f9d1ec00000)]

Other Threads:
  0x00007f9d740a1bf0 VMThread "VM Thread" [stack: 0x00007f9d59853000,0x00007f9d59953000] [id=39] _threads_hazard_ptr=0x00007f9cd8099850
  0x00007f9d74121090 WatcherThread [stack: 0x00007f9d5801a000,0x00007f9d5811a000] [id=52]
  0x00007f9d7403df10 GCTaskThread "GC Thread#0" [stack: 0x00007f9d5b2b2000,0x00007f9d5b3b2000] [id=38]

Threads with active compile tasks:
JVMCI-native CompilerThread0  1184999 6812   !   4       jdk.internal.ref.PhantomCleanable::remove (60 bytes)

VM state: synchronizing (normal execution)

VM Mutex/Monitor currently owned by a thread:  ([mutex/lock_event])
[0x00007f9d74023820] Threads_lock - owner thread: 0x00007f9d740a1bf0
[0x00007f9d74023fd0] Heap_lock - owner thread: 0x00007f9cf8001580

OutOfMemory and StackOverflow Exception counts:
OutOfMemoryError java_heap_errors=4
LinkageErrors=55

Heap address: 0x00000000e0000000, size: 512 MB, Compressed Oops mode: 32-bit

CDS archive(s) mapped at: [0x0000000800000000-0x0000000800bc8000-0x0000000800bc8000), size 12353536, SharedBaseAddress: 0x0000000800000000, ArchiveRelocationMode: 0.
Compressed class space mapped at: 0x0000000800c00000-0x0000000840c00000, reserved size: 1073741824
Narrow klass base: 0x0000000800000000, Narrow klass shift: 0, Narrow klass range: 0x100000000

GC Precious Log:
 CPUs: 8 total, 1 available
 Memory: 1024M
 Large Page Support: Disabled
 NUMA Support: Disabled
 Compressed Oops: Enabled (32-bit)
 Alignments: Space 512K, Generation 512K, Heap 2M
 Heap Min Capacity: 100M
 Heap Initial Capacity: 100M
 Heap Max Capacity: 512M
 Pre-touch: Disabled
 Parallel Workers: 1

Heap:
 PSYoungGen      total 50688K, used 32416K [0x00000000f5580000, 0x00000000fa300000, 0x0000000100000000)
  eden space 23040K, 99% used [0x00000000f5580000,0x00000000f6bffff8,0x00000000f6c00000)
  from space 27648K, 33% used [0x00000000f6c00000,0x00000000f7528388,0x00000000f8700000)
  to   space 26624K, 0% used [0x00000000f8900000,0x00000000f8900000,0x00000000fa300000)
 ParOldGen       total 349696K, used 349695K [0x00000000e0000000, 0x00000000f5580000, 0x00000000f5580000)
  object space 349696K, 99% used [0x00000000e0000000,0x00000000f557fff0,0x00000000f5580000)
 Metaspace       used 53167K, committed 53888K, reserved 1097728K
  class space    used 5354K, committed 5696K, reserved 1048576K

Card table byte_map: [0x00007f9d5b3b2000,0x00007f9d5b4b3000] _byte_map_base: 0x00007f9d5acb2000

Marking Bits: (ParMarkBitMap*) 0x00007f9d796ec4c0
 Begin Bits: [0x00007f9d5a205000, 0x00007f9d5aa05000)
 End Bits:   [0x00007f9d5aa05000, 0x00007f9d5b205000)

Polling page: 0x00007f9d782b6000

Metaspace:

Usage:
  Non-class:     46.69 MB used.
      Class:      5.23 MB used.
       Both:     51.92 MB used.

Virtual space:
  Non-class space:       48.00 MB reserved,      47.06 MB ( 98%) committed,  6 nodes.
      Class space:        1.00 GB reserved,       5.56 MB ( <1%) committed,  1 nodes.
             Both:        1.05 GB reserved,      52.62 MB (  5%) committed. 

Chunk freelists:
   Non-Class:  640.00 KB
       Class:  2.49 MB
        Both:  3.11 MB

MaxMetaspaceSize: unlimited
CompressedClassSpaceSize: 1.00 GB
Initial GC threshold: 21.00 MB
Current GC threshold: 87.62 MB
CDS: on
MetaspaceReclaimPolicy: balanced
 - commit_granule_bytes: 65536.
 - commit_granule_words: 8192.
 - virtual_space_node_default_size: 1048576.
 - enlarge_chunks_in_place: 1.
 - new_chunks_are_fully_committed: 0.
 - uncommit_free_chunks: 1.
 - use_allocation_guard: 0.
 - handle_deallocations: 1.


Internal statistics:

num_allocs_failed_limit: 6.
num_arena_births: 372.
num_arena_deaths: 76.
num_vsnodes_births: 7.
num_vsnodes_deaths: 0.
num_space_committed: 841.
num_space_uncommitted: 0.
num_chunks_returned_to_freelist: 104.
num_chunks_taken_from_freelist: 2391.
num_chunk_merges: 42.
num_chunk_splits: 1543.
num_chunks_enlarged: 990.
num_purges: 12.
num_inconsistent_stats: 0.

CodeHeap 'non-profiled nmethods': size=120036Kb used=2388Kb max_used=2388Kb free=117647Kb
 bounds [0x00007f9d62f7a000, 0x00007f9d631ea000, 0x00007f9d6a4b3000]
CodeHeap 'profiled nmethods': size=120032Kb used=12518Kb max_used=12518Kb free=107513Kb
 bounds [0x00007f9d5ba42000, 0x00007f9d5c682000, 0x00007f9d62f7a000]
CodeHeap 'non-nmethods': size=5692Kb used=1386Kb max_used=1393Kb free=4305Kb
 bounds [0x00007f9d5b4b3000, 0x00007f9d5b723000, 0x00007f9d5ba42000]
 total_blobs=6424 nmethods=5706 adapters=612
 compilation: enabled
              stopped_count=0, restarted_count=0
 full_count=0

JVMCI Events (20 events):
Event: 897.617 Thread 0x00007f9d740b21b0 detached from JVMCI runtime 0
Event: 970.481 Thread 0x00007f9d740b21b0 attached to JVMCI runtime 0
Event: 970.482 Thread 0x00007f9d740b21b0 created JavaVM[6]@0x00007f9d1e39e340 for JVMCI runtime 0
Event: 971.797 Thread 0x00007f9d740b21b0 initializing JVMCI runtime 0
Event: 971.797 Thread 0x00007f9d740b21b0 done waiting for JavaVM references initialization in JVMCI runtime 0
Event: 1014.470 Thread 0x00007f9d740b21b0 initialized JVMCI runtime 0
Event: 1040.421 Thread 0x00007f9d740b21b0 compacted oop handles in JVMCI runtime 0 from 70 to 66
Event: 1065.471 Thread 0x00007f9d740b21b0 compacted oop handles in JVMCI runtime 0 from 76 to 72
Event: 1066.803 Thread 0x00007f9d740b21b0 detaching from JVMCI runtime 0: releasing idle compiler thread (0 other threads still attached)
Event: 1066.803 Thread 0x00007f9d740b21b0 shutting down HotSpotJVMCIRuntime for JVMCI runtime 0
Event: 1068.208 Thread 0x00007f9d740b21b0 compacted oop handles in JVMCI runtime 0 from 72 to 37
Event: 1068.208 Thread 0x00007f9d740b21b0 shut down JVMCI runtime 0
Event: 1068.212 Thread 0x00007f9d740b21b0 destroyed JavaVM[6]@0x00007f9d1e39e340 for JVMCI runtime 0
Event: 1068.212 Thread 0x00007f9d740b21b0 compacted oop handles in JVMCI runtime 0 from 37 to 37
Event: 1068.212 Thread 0x00007f9d740b21b0 releasing handles for JVMCI runtime 0: oop handles=37, metadata handles={total=129, live=129, blocks=37}
Event: 1068.212 Thread 0x00007f9d740b21b0 detached from JVMCI runtime 0
Event: 1157.016 Thread 0x00007f9d740b21b0 attached to JVMCI runtime 0
Event: 1157.018 Thread 0x00007f9d740b21b0 created JavaVM[7]@0x00007f9d1e39e340 for JVMCI runtime 0
Event: 1158.496 Thread 0x00007f9d740b21b0 initializing JVMCI runtime 0
Event: 1158.496 Thread 0x00007f9d740b21b0 done waiting for JavaVM references initialization in JVMCI runtime 0

Compilation events (20 events):
Event: 1063.883 Thread 0x00007f9d740b36c0 6803       3       org.eclipse.jdt.internal.compiler.parser.Parser::original_state (6 bytes)
Event: 1063.884 Thread 0x00007f9d740b36c0 nmethod 6803 0x00007f9d5c678890 code [0x00007f9d5c678a40, 0x00007f9d5c678bd0]
Event: 1063.884 Thread 0x00007f9d740b36c0 6804       3       org.eclipse.jdt.internal.compiler.parser.Parser::base_check (10 bytes)
Event: 1063.884 Thread 0x00007f9d740b36c0 nmethod 6804 0x00007f9d5c678d10 code [0x00007f9d5c678ea0, 0x00007f9d5c678fd0]
Event: 1065.471 Thread 0x00007f9d740b21b0 nmethod 6799 0x00007f9d631ccf10 code [0x00007f9d631cd1c0, 0x00007f9d631ce688]
Event: 1073.967 Thread 0x00007f9d740b36c0 6805       3       org.eclipse.core.runtime.Path::isValidSegment (62 bytes)
Event: 1073.968 Thread 0x00007f9d740b36c0 nmethod 6805 0x00007f9d5c679090 code [0x00007f9d5c6792e0, 0x00007f9d5c679c50]
Event: 1073.968 Thread 0x00007f9d740b36c0 6806       3       org.eclipse.core.runtime.Path::makeUNC (57 bytes)
Event: 1073.968 Thread 0x00007f9d740b36c0 nmethod 6806 0x00007f9d5c67a010 code [0x00007f9d5c67a1e0, 0x00007f9d5c67a6a0]
Event: 1137.483 Thread 0x00007f9d740b36c0 6807       3       org.eclipse.jdt.internal.compiler.parser.Scanner::isInModuleDeclaration (37 bytes)
Event: 1137.483 Thread 0x00007f9d740b36c0 nmethod 6807 0x00007f9d5c67a810 code [0x00007f9d5c67a9c0, 0x00007f9d5c67ae00]
Event: 1137.483 Thread 0x00007f9d740b36c0 6808       3       org.eclipse.jdt.internal.compiler.parser.Parser::in_symbol (9 bytes)
Event: 1137.483 Thread 0x00007f9d740b36c0 nmethod 6808 0x00007f9d5c67af10 code [0x00007f9d5c67b0c0, 0x00007f9d5c67b2d0]
Event: 1140.607 Thread 0x00007f9d740b36c0 6809       3       org.eclipse.jdt.core.compiler.CharOperation::indexOf (10 bytes)
Event: 1143.401 Thread 0x00007f9d740b36c0 nmethod 6809 0x00007f9d5c67b490 code [0x00007f9d5c67b640, 0x00007f9d5c67b760]
Event: 1143.402 Thread 0x00007f9d740b36c0 6810       3       org.eclipse.jdt.internal.compiler.parser.diagnose.LexStream::token (110 bytes)
Event: 1144.886 Thread 0x00007f9d740b36c0 nmethod 6810 0x00007f9d5c67b810 code [0x00007f9d5c67ba20, 0x00007f9d5c67bff0]
Event: 1155.494 Thread 0x00007f9d740b36c0 6811       3       org.eclipse.jdt.internal.core.OverflowingLRUCache::privateRemoveEntry (140 bytes)
Event: 1155.494 Thread 0x00007f9d740b36c0 nmethod 6811 0x00007f9d5c67c210 code [0x00007f9d5c67c420, 0x00007f9d5c67d0b0]
Event: 1157.016 Thread 0x00007f9d740b21b0 6812   !   4       jdk.internal.ref.PhantomCleanable::remove (60 bytes)

GC Heap History (20 events):
Event: 1170.161 GC heap before
{Heap before GC invocations=759 (full 682):
 PSYoungGen      total 50688K, used 32416K [0x00000000f5580000, 0x00000000fa300000, 0x0000000100000000)
  eden space 23040K, 99% used [0x00000000f5580000,0x00000000f6bffff8,0x00000000f6c00000)
  from space 27648K, 33% used [0x00000000f6c00000,0x00000000f75283b8,0x00000000f8700000)
  to   space 26624K, 0% used [0x00000000f8900000,0x00000000f8900000,0x00000000fa300000)
 ParOldGen       total 349696K, used 349695K [0x00000000e0000000, 0x00000000f5580000, 0x00000000f5580000)
  object space 349696K, 99% used [0x00000000e0000000,0x00000000f557fff8,0x00000000f5580000)
 Metaspace       used 53167K, committed 53888K, reserved 1097728K
  class space    used 5354K, committed 5696K, reserved 1048576K
}
Event: 1171.619 GC heap after
{Heap after GC invocations=759 (full 682):
 PSYoungGen      total 50688K, used 32416K [0x00000000f5580000, 0x00000000fa300000, 0x0000000100000000)
  eden space 23040K, 99% used [0x00000000f5580000,0x00000000f6bffff8,0x00000000f6c00000)
  from space 27648K, 33% used [0x00000000f6c00000,0x00000000f7528388,0x00000000f8700000)
  to   space 26624K, 0% used [0x00000000f8900000,0x00000000f8900000,0x00000000fa300000)
 ParOldGen       total 349696K, used 349695K [0x00000000e0000000, 0x00000000f5580000, 0x00000000f5580000)
  object space 349696K, 99% used [0x00000000e0000000,0x00000000f557fff8,0x00000000f5580000)
 Metaspace       used 53167K, committed 53888K, reserved 1097728K
  class space    used 5354K, committed 5696K, reserved 1048576K
}
Event: 1171.619 GC heap before
{Heap before GC invocations=760 (full 683):
 PSYoungGen      total 50688K, used 32416K [0x00000000f5580000, 0x00000000fa300000, 0x0000000100000000)
  eden space 23040K, 99% used [0x00000000f5580000,0x00000000f6bffff8,0x00000000f6c00000)
  from space 27648K, 33% used [0x00000000f6c00000,0x00000000f7528388,0x00000000f8700000)
  to   space 26624K, 0% used [0x00000000f8900000,0x00000000f8900000,0x00000000fa300000)
 ParOldGen       total 349696K, used 349695K [0x00000000e0000000, 0x00000000f5580000, 0x00000000f5580000)
  object space 349696K, 99% used [0x00000000e0000000,0x00000000f557fff8,0x00000000f5580000)
 Metaspace       used 53167K, committed 53888K, reserved 1097728K
  class space    used 5354K, committed 5696K, reserved 1048576K
}
Event: 1173.193 GC heap after
{Heap after GC invocations=760 (full 683):
 PSYoungGen      total 50688K, used 32416K [0x00000000f5580000, 0x00000000fa300000, 0x0000000100000000)
  eden space 23040K, 99% used [0x00000000f5580000,0x00000000f6bffff8,0x00000000f6c00000)
  from space 27648K, 33% used [0x00000000f6c00000,0x00000000f7528388,0x00000000f8700000)
  to   space 26624K, 0% used [0x00000000f8900000,0x00000000f8900000,0x00000000fa300000)
 ParOldGen       total 349696K, used 349695K [0x00000000e0000000, 0x00000000f5580000, 0x00000000f5580000)
  object space 349696K, 99% used [0x00000000e0000000,0x00000000f557ffa0,0x00000000f5580000)
 Metaspace       used 53167K, committed 53888K, reserved 1097728K
  class space    used 5354K, committed 5696K, reserved 1048576K
}
Event: 1173.194 GC heap before
{Heap before GC invocations=761 (full 684):
 PSYoungGen      total 50688K, used 32416K [0x00000000f5580000, 0x00000000fa300000, 0x0000000100000000)
  eden space 23040K, 99% used [0x00000000f5580000,0x00000000f6bffff8,0x00000000f6c00000)
  from space 27648K, 33% used [0x00000000f6c00000,0x00000000f7528388,0x00000000f8700000)
  to   space 26624K, 0% used [0x00000000f8900000,0x00000000f8900000,0x00000000fa300000)
 ParOldGen       total 349696K, used 349695K [0x00000000e0000000, 0x00000000f5580000, 0x00000000f5580000)
  object space 349696K, 99% used [0x00000000e0000000,0x00000000f557fff0,0x00000000f5580000)
 Metaspace       used 53167K, committed 53888K, reserved 1097728K
  class space    used 5354K, committed 5696K, reserved 1048576K
}
Event: 1174.801 GC heap after
{Heap after GC invocations=761 (full 684):
 PSYoungGen      total 50688K, used 32416K [0x00000000f5580000, 0x00000000fa300000, 0x0000000100000000)
  eden space 23040K, 99% used [0x00000000f5580000,0x00000000f6bffff8,0x00000000f6c00000)
  from space 27648K, 33% used [0x00000000f6c00000,0x00000000f7528388,0x00000000f8700000)
  to   space 26624K, 0% used [0x00000000f8900000,0x00000000f8900000,0x00000000fa300000)
 ParOldGen       total 349696K, used 349695K [0x00000000e0000000, 0x00000000f5580000, 0x00000000f5580000)
  object space 349696K, 99% used [0x00000000e0000000,0x00000000f557ffd0,0x00000000f5580000)
 Metaspace       used 53167K, committed 53888K, reserved 1097728K
  class space    used 5354K, committed 5696K, reserved 1048576K
}
Event: 1174.801 GC heap before
{Heap before GC invocations=762 (full 685):
 PSYoungGen      total 50688K, used 32416K [0x00000000f5580000, 0x00000000fa300000, 0x0000000100000000)
  eden space 23040K, 99% used [0x00000000f5580000,0x00000000f6bffff8,0x00000000f6c00000)
  from space 27648K, 33% used [0x00000000f6c00000,0x00000000f7528388,0x00000000f8700000)
  to   space 26624K, 0% used [0x00000000f8900000,0x00000000f8900000,0x00000000fa300000)
 ParOldGen       total 349696K, used 349695K [0x00000000e0000000, 0x00000000f5580000, 0x00000000f5580000)
  object space 349696K, 99% used [0x00000000e0000000,0x00000000f557fff0,0x00000000f5580000)
 Metaspace       used 53167K, committed 53888K, reserved 1097728K
  class space    used 5354K, committed 5696K, reserved 1048576K
}
Event: 1176.285 GC heap after
{Heap after GC invocations=762 (full 685):
 PSYoungGen      total 50688K, used 32416K [0x00000000f5580000, 0x00000000fa300000, 0x0000000100000000)
  eden space 23040K, 99% used [0x00000000f5580000,0x00000000f6bffff8,0x00000000f6c00000)
  from space 27648K, 33% used [0x00000000f6c00000,0x00000000f7528388,0x00000000f8700000)
  to   space 26624K, 0% used [0x00000000f8900000,0x00000000f8900000,0x00000000fa300000)
 ParOldGen       total 349696K, used 349695K [0x00000000e0000000, 0x00000000f5580000, 0x00000000f5580000)
  object space 349696K, 99% used [0x00000000e0000000,0x00000000f557ffd0,0x00000000f5580000)
 Metaspace       used 53167K, committed 53888K, reserved 1097728K
  class space    used 5354K, committed 5696K, reserved 1048576K
}
Event: 1176.285 GC heap before
{Heap before GC invocations=763 (full 686):
 PSYoungGen      total 50688K, used 32416K [0x00000000f5580000, 0x00000000fa300000, 0x0000000100000000)
  eden space 23040K, 99% used [0x00000000f5580000,0x00000000f6bffff8,0x00000000f6c00000)
  from space 27648K, 33% used [0x00000000f6c00000,0x00000000f7528388,0x00000000f8700000)
  to   space 26624K, 0% used [0x00000000f8900000,0x00000000f8900000,0x00000000fa300000)
 ParOldGen       total 349696K, used 349695K [0x00000000e0000000, 0x00000000f5580000, 0x00000000f5580000)
  object space 349696K, 99% used [0x00000000e0000000,0x00000000f557fff0,0x00000000f5580000)
 Metaspace       used 53167K, committed 53888K, reserved 1097728K
  class space    used 5354K, committed 5696K, reserved 1048576K
}
Event: 1177.772 GC heap after
{Heap after GC invocations=763 (full 686):
 PSYoungGen      total 50688K, used 32416K [0x00000000f5580000, 0x00000000fa300000, 0x0000000100000000)
  eden space 23040K, 99% used [0x00000000f5580000,0x00000000f6bffff8,0x00000000f6c00000)
  from space 27648K, 33% used [0x00000000f6c00000,0x00000000f7528388,0x00000000f8700000)
  to   space 26624K, 0% used [0x00000000f8900000,0x00000000f8900000,0x00000000fa300000)
 ParOldGen       total 349696K, used 349695K [0x00000000e0000000, 0x00000000f5580000, 0x00000000f5580000)
  object space 349696K, 99% used [0x00000000e0000000,0x00000000f557fff0,0x00000000f5580000)
 Metaspace       used 53167K, committed 53888K, reserved 1097728K
  class space    used 5354K, committed 5696K, reserved 1048576K
}
Event: 1177.772 GC heap before
{Heap before GC invocations=764 (full 687):
 PSYoungGen      total 50688K, used 32416K [0x00000000f5580000, 0x00000000fa300000, 0x0000000100000000)
  eden space 23040K, 99% used [0x00000000f5580000,0x00000000f6bffff8,0x00000000f6c00000)
  from space 27648K, 33% used [0x00000000f6c00000,0x00000000f7528388,0x00000000f8700000)
  to   space 26624K, 0% used [0x00000000f8900000,0x00000000f8900000,0x00000000fa300000)
 ParOldGen       total 349696K, used 349695K [0x00000000e0000000, 0x00000000f5580000, 0x00000000f5580000)
  object space 349696K, 99% used [0x00000000e0000000,0x00000000f557fff0,0x00000000f5580000)
 Metaspace       used 53167K, committed 53888K, reserved 1097728K
  class space    used 5354K, committed 5696K, reserved 1048576K
}
Event: 1179.283 GC heap after
{Heap after GC invocations=764 (full 687):
 PSYoungGen      total 50688K, used 32416K [0x00000000f5580000, 0x00000000fa300000, 0x0000000100000000)
  eden space 23040K, 99% used [0x00000000f5580000,0x00000000f6bffff8,0x00000000f6c00000)
  from space 27648K, 33% used [0x00000000f6c00000,0x00000000f7528388,0x00000000f8700000)
  to   space 26624K, 0% used [0x00000000f8900000,0x00000000f8900000,0x00000000fa300000)
 ParOldGen       total 349696K, used 349695K [0x00000000e0000000, 0x00000000f5580000, 0x00000000f5580000)
  object space 349696K, 99% used [0x00000000e0000000,0x00000000f557fff0,0x00000000f5580000)
 Metaspace       used 53167K, committed 53888K, reserved 1097728K
  class space    used 5354K, committed 5696K, reserved 1048576K
}
Event: 1179.283 GC heap before
{Heap before GC invocations=765 (full 688):
 PSYoungGen      total 50688K, used 32416K [0x00000000f5580000, 0x00000000fa300000, 0x0000000100000000)
  eden space 23040K, 99% used [0x00000000f5580000,0x00000000f6bffff8,0x00000000f6c00000)
  from space 27648K, 33% used [0x00000000f6c00000,0x00000000f7528388,0x00000000f8700000)
  to   space 26624K, 0% used [0x00000000f8900000,0x00000000f8900000,0x00000000fa300000)
 ParOldGen       total 349696K, used 349695K [0x00000000e0000000, 0x00000000f5580000, 0x00000000f5580000)
  object space 349696K, 99% used [0x00000000e0000000,0x00000000f557fff0,0x00000000f5580000)
 Metaspace       used 53167K, committed 53888K, reserved 1097728K
  class space    used 5354K, committed 5696K, reserved 1048576K
}
Event: 1180.672 GC heap after
{Heap after GC invocations=765 (full 688):
 PSYoungGen      total 50688K, used 32416K [0x00000000f5580000, 0x00000000fa300000, 0x0000000100000000)
  eden space 23040K, 99% used [0x00000000f5580000,0x00000000f6bfffe0,0x00000000f6c00000)
  from space 27648K, 33% used [0x00000000f6c00000,0x00000000f7528388,0x00000000f8700000)
  to   space 26624K, 0% used [0x00000000f8900000,0x00000000f8900000,0x00000000fa300000)
 ParOldGen       total 349696K, used 349694K [0x00000000e0000000, 0x00000000f5580000, 0x00000000f5580000)
  object space 349696K, 99% used [0x00000000e0000000,0x00000000f557fb18,0x00000000f5580000)
 Metaspace       used 53167K, committed 53888K, reserved 1097728K
  class space    used 5354K, committed 5696K, reserved 1048576K
}
Event: 1180.672 GC heap before
{Heap before GC invocations=766 (full 689):
 PSYoungGen      total 50688K, used 32416K [0x00000000f5580000, 0x00000000fa300000, 0x0000000100000000)
  eden space 23040K, 99% used [0x00000000f5580000,0x00000000f6bffff8,0x00000000f6c00000)
  from space 27648K, 33% used [0x00000000f6c00000,0x00000000f7528388,0x00000000f8700000)
  to   space 26624K, 0% used [0x00000000f8900000,0x00000000f8900000,0x00000000fa300000)
 ParOldGen       total 349696K, used 349694K [0x00000000e0000000, 0x00000000f5580000, 0x00000000f5580000)
  object space 349696K, 99% used [0x00000000e0000000,0x00000000f557fb18,0x00000000f5580000)
 Metaspace       used 53167K, committed 53888K, reserved 1097728K
  class space    used 5354K, committed 5696K, reserved 1048576K
}
Event: 1182.193 GC heap after
{Heap after GC invocations=766 (full 689):
 PSYoungGen      total 50688K, used 32416K [0x00000000f5580000, 0x00000000fa300000, 0x0000000100000000)
  eden space 23040K, 99% used [0x00000000f5580000,0x00000000f6bffff8,0x00000000f6c00000)
  from space 27648K, 33% used [0x00000000f6c00000,0x00000000f7528388,0x00000000f8700000)
  to   space 26624K, 0% used [0x00000000f8900000,0x00000000f8900000,0x00000000fa300000)
 ParOldGen       total 349696K, used 349694K [0x00000000e0000000, 0x00000000f5580000, 0x00000000f5580000)
  object space 349696K, 99% used [0x00000000e0000000,0x00000000f557fb18,0x00000000f5580000)
 Metaspace       used 53167K, committed 53888K, reserved 1097728K
  class space    used 5354K, committed 5696K, reserved 1048576K
}
Event: 1182.193 GC heap before
{Heap before GC invocations=767 (full 690):
 PSYoungGen      total 50688K, used 32416K [0x00000000f5580000, 0x00000000fa300000, 0x0000000100000000)
  eden space 23040K, 99% used [0x00000000f5580000,0x00000000f6bffff8,0x00000000f6c00000)
  from space 27648K, 33% used [0x00000000f6c00000,0x00000000f7528388,0x00000000f8700000)
  to   space 26624K, 0% used [0x00000000f8900000,0x00000000f8900000,0x00000000fa300000)
 ParOldGen       total 349696K, used 349695K [0x00000000e0000000, 0x00000000f5580000, 0x00000000f5580000)
  object space 349696K, 99% used [0x00000000e0000000,0x00000000f557fc58,0x00000000f5580000)
 Metaspace       used 53167K, committed 53888K, reserved 1097728K
  class space    used 5354K, committed 5696K, reserved 1048576K
}
Event: 1183.525 GC heap after
{Heap after GC invocations=767 (full 690):
 PSYoungGen      total 50688K, used 32416K [0x00000000f5580000, 0x00000000fa300000, 0x0000000100000000)
  eden space 23040K, 99% used [0x00000000f5580000,0x00000000f6bffff8,0x00000000f6c00000)
  from space 27648K, 33% used [0x00000000f6c00000,0x00000000f7528388,0x00000000f8700000)
  to   space 26624K, 0% used [0x00000000f8900000,0x00000000f8900000,0x00000000fa300000)
 ParOldGen       total 349696K, used 349694K [0x00000000e0000000, 0x00000000f5580000, 0x00000000f5580000)
  object space 349696K, 99% used [0x00000000e0000000,0x00000000f557fb68,0x00000000f5580000)
 Metaspace       used 53167K, committed 53888K, reserved 1097728K
  class space    used 5354K, committed 5696K, reserved 1048576K
}
Event: 1183.525 GC heap before
{Heap before GC invocations=768 (full 691):
 PSYoungGen      total 50688K, used 32416K [0x00000000f5580000, 0x00000000fa300000, 0x0000000100000000)
  eden space 23040K, 99% used [0x00000000f5580000,0x00000000f6bffff8,0x00000000f6c00000)
  from space 27648K, 33% used [0x00000000f6c00000,0x00000000f7528388,0x00000000f8700000)
  to   space 26624K, 0% used [0x00000000f8900000,0x00000000f8900000,0x00000000fa300000)
 ParOldGen       total 349696K, used 349694K [0x00000000e0000000, 0x00000000f5580000, 0x00000000f5580000)
  object space 349696K, 99% used [0x00000000e0000000,0x00000000f557fb68,0x00000000f5580000)
 Metaspace       used 53167K, committed 53888K, reserved 1097728K
  class space    used 5354K, committed 5696K, reserved 1048576K
}
Event: 1184.899 GC heap after
{Heap after GC invocations=768 (full 691):
 PSYoungGen      total 50688K, used 32416K [0x00000000f5580000, 0x00000000fa300000, 0x0000000100000000)
  eden space 23040K, 99% used [0x00000000f5580000,0x00000000f6bffff8,0x00000000f6c00000)
  from space 27648K, 33% used [0x00000000f6c00000,0x00000000f7528388,0x00000000f8700000)
  to   space 26624K, 0% used [0x00000000f8900000,0x00000000f8900000,0x00000000fa300000)
 ParOldGen       total 349696K, used 349694K [0x00000000e0000000, 0x00000000f5580000, 0x00000000f5580000)
  object space 349696K, 99% used [0x00000000e0000000,0x00000000f557fb68,0x00000000f5580000)
 Metaspace       used 53167K, committed 53888K, reserved 1097728K
  class space    used 5354K, committed 5696K, reserved 1048576K
}

Dll operation events (9 events):
Event: 0.008 Loaded shared library /nix/store/gpxl5qgg8kicmcvivwmybwjlpf7wh20l-graalvm17-ce-22.3.0/lib/libjava.so
Event: 0.020 Loaded shared library /nix/store/gpxl5qgg8kicmcvivwmybwjlpf7wh20l-graalvm17-ce-22.3.0/lib/libjsvml.so
Event: 0.256 Loaded shared library /nix/store/gpxl5qgg8kicmcvivwmybwjlpf7wh20l-graalvm17-ce-22.3.0/lib/libnio.so
Event: 0.260 Loaded shared library /nix/store/gpxl5qgg8kicmcvivwmybwjlpf7wh20l-graalvm17-ce-22.3.0/lib/libzip.so
Event: 0.274 Loaded shared library /nix/store/gpxl5qgg8kicmcvivwmybwjlpf7wh20l-graalvm17-ce-22.3.0/lib/libjvmcicompiler.so
Event: 0.701 Loaded shared library /nix/store/gpxl5qgg8kicmcvivwmybwjlpf7wh20l-graalvm17-ce-22.3.0/lib/libjimage.so
Event: 1.266 Loaded shared library /nix/store/gpxl5qgg8kicmcvivwmybwjlpf7wh20l-graalvm17-ce-22.3.0/lib/libnet.so
Event: 5.293 Loaded shared library /home/runner/.cache/jdt-language-server/config/org.eclipse.equinox.launcher/org.eclipse.equinox.launcher.gtk.linux.x86_64_1.2.400.v20211117-0650/eclipse_11600.so
Event: 15.768 Loaded shared library /nix/store/gpxl5qgg8kicmcvivwmybwjlpf7wh20l-graalvm17-ce-22.3.0/lib/libextnet.so

Deoptimization events (20 events):
Event: 62.102 Thread 0x00007f9d0847fca0 DEOPT PACKING pc=0x00007f9d5c42c5dd sp=0x00007f9d1f7fe530
Event: 62.102 Thread 0x00007f9d0847fca0 DEOPT UNPACKING pc=0x00007f9d5b505325 sp=0x00007f9d1f7fda20 mode 0
Event: 62.104 Thread 0x00007f9d0847fca0 DEOPT PACKING pc=0x00007f9d5c42c5dd sp=0x00007f9d1f7fe530
Event: 62.104 Thread 0x00007f9d0847fca0 DEOPT UNPACKING pc=0x00007f9d5b505325 sp=0x00007f9d1f7fda20 mode 0
Event: 62.106 Thread 0x00007f9d0847fca0 DEOPT PACKING pc=0x00007f9d5c42c5dd sp=0x00007f9d1f7fe530
Event: 62.106 Thread 0x00007f9d0847fca0 DEOPT UNPACKING pc=0x00007f9d5b505325 sp=0x00007f9d1f7fda20 mode 0
Event: 62.107 Thread 0x00007f9d0847fca0 DEOPT PACKING pc=0x00007f9d5c42c5dd sp=0x00007f9d1f7fe530
Event: 62.107 Thread 0x00007f9d0847fca0 DEOPT UNPACKING pc=0x00007f9d5b505325 sp=0x00007f9d1f7fda20 mode 0
Event: 62.109 Thread 0x00007f9d0847fca0 DEOPT PACKING pc=0x00007f9d5c42c5dd sp=0x00007f9d1f7fe530
Event: 62.109 Thread 0x00007f9d0847fca0 DEOPT UNPACKING pc=0x00007f9d5b505325 sp=0x00007f9d1f7fda20 mode 0
Event: 396.070 Thread 0x00007f9d74365250 Uncommon trap: trap_request=0xffffffed fr.pc=0x00007f9d6318ba48 relative=0x00000000000014a8
Event: 396.070 Thread 0x00007f9d74365250 Uncommon trap: reason=null_assert_or_unreached0 action=reinterpret pc=0x00007f9d6318ba48 method=org.eclipse.jdt.internal.compiler.parser.Scanner.internalScanIdentifierOrKeyword(II[C)I @ 0 jvmci
Event: 396.070 Thread 0x00007f9d74365250 DEOPT PACKING pc=0x00007f9d6318ba48 sp=0x00007f9d1f0fcd00
Event: 396.070 Thread 0x00007f9d74365250 DEOPT UNPACKING pc=0x00007f9d5b505325 sp=0x00007f9d1f0fc190 mode 3
Event: 788.300 Thread 0x00007f9cd80df830 Uncommon trap: trap_request=0xffffffed fr.pc=0x00007f9d6310f290 relative=0x00000000000001f0
Event: 788.300 Thread 0x00007f9cd80df830 Uncommon trap: reason=null_assert_or_unreached0 action=reinterpret pc=0x00007f9d6310f290 method=java.lang.Integer.parseInt(Ljava/lang/String;I)I @ 166 jvmci
Event: 788.300 Thread 0x00007f9cd80df830 DEOPT PACKING pc=0x00007f9d6310f290 sp=0x00007f9d1effe5c0
Event: 788.300 Thread 0x00007f9cd80df830 DEOPT UNPACKING pc=0x00007f9d5b505325 sp=0x00007f9d1effd9c0 mode 3
Event: 1126.566 Thread 0x00007f9cd80f6ec0 DEOPT PACKING pc=0x00007f9d630d9170 sp=0x00007f9d1ebfda40
Event: 1126.566 Thread 0x00007f9cd80f6ec0 DEOPT UNPACKING pc=0x00007f9d5b505325 sp=0x00007f9d1ebfce88 mode 1

Classes unloaded (20 events):
Event: 154.523 Thread 0x00007f9d740a1bf0 Unloading class 0x0000000800f01000 'jdk/internal/reflect/GeneratedConstructorAccessor12'
Event: 154.523 Thread 0x00007f9d740a1bf0 Unloading class 0x0000000800f00c00 'jdk/internal/reflect/GeneratedConstructorAccessor11'
Event: 154.523 Thread 0x00007f9d740a1bf0 Unloading class 0x0000000800f00800 'jdk/internal/reflect/GeneratedConstructorAccessor10'
Event: 161.221 Thread 0x00007f9d740a1bf0 Unloading class 0x0000000801069400 'java/lang/invoke/LambdaForm$MH+0x0000000801069400'
Event: 161.221 Thread 0x00007f9d740a1bf0 Unloading class 0x0000000801069000 'java/lang/invoke/LambdaForm$MH+0x0000000801069000'
Event: 161.221 Thread 0x00007f9d740a1bf0 Unloading class 0x0000000801068c00 'java/lang/invoke/LambdaForm$MH+0x0000000801068c00'
Event: 161.221 Thread 0x00007f9d740a1bf0 Unloading class 0x0000000801068800 'java/lang/invoke/LambdaForm$MH+0x0000000801068800'
Event: 161.221 Thread 0x00007f9d740a1bf0 Unloading class 0x0000000801068400 'java/lang/invoke/LambdaForm$MH+0x0000000801068400'
Event: 161.221 Thread 0x00007f9d740a1bf0 Unloading class 0x0000000801068000 'java/lang/invoke/LambdaForm$MH+0x0000000801068000'
Event: 161.221 Thread 0x00007f9d740a1bf0 Unloading class 0x0000000800d98400 'java/lang/invoke/LambdaForm$MH+0x0000000800d98400'
Event: 161.221 Thread 0x00007f9d740a1bf0 Unloading class 0x0000000800d04000 'java/lang/invoke/LambdaForm$MH+0x0000000800d04000'
Event: 167.717 Thread 0x00007f9d740a1bf0 Unloading class 0x000000080108d400 'jdk/internal/reflect/GeneratedSerializationConstructorAccessor4'
Event: 167.717 Thread 0x00007f9d740a1bf0 Unloading class 0x000000080108d000 'jdk/internal/reflect/GeneratedSerializationConstructorAccessor3'
Event: 167.717 Thread 0x00007f9d740a1bf0 Unloading class 0x000000080108cc00 'jdk/internal/reflect/GeneratedSerializationConstructorAccessor2'
Event: 167.717 Thread 0x00007f9d740a1bf0 Unloading class 0x000000080108c800 'jdk/internal/reflect/GeneratedSerializationConstructorAccessor1'
Event: 172.040 Thread 0x00007f9d740a1bf0 Unloading class 0x00000008010ed000 'jdk/internal/reflect/GeneratedConstructorAccessor33'
Event: 172.040 Thread 0x00007f9d740a1bf0 Unloading class 0x00000008010ecc00 'jdk/internal/reflect/GeneratedConstructorAccessor32'
Event: 172.040 Thread 0x00007f9d740a1bf0 Unloading class 0x00000008010ec800 'jdk/internal/reflect/GeneratedConstructorAccessor31'
Event: 172.040 Thread 0x00007f9d740a1bf0 Unloading class 0x00000008010ec400 'jdk/internal/reflect/GeneratedConstructorAccessor30'
Event: 172.040 Thread 0x00007f9d740a1bf0 Unloading class 0x00000008010ec000 'jdk/internal/reflect/GeneratedConstructorAccessor29'

Classes redefined (0 events):
No events

Internal exceptions (20 events):
Event: 32.763 Thread 0x00007f9cf00010d0 Exception <a 'sun/nio/fs/UnixException'{0x00000000f59618b0}> (0x00000000f59618b0) 
thrown [src/hotspot/share/prims/jni.cpp, line 516]
Event: 32.785 Thread 0x00007f9cf00010d0 Exception <a 'sun/nio/fs/UnixException'{0x00000000f5a091c0}> (0x00000000f5a091c0) 
thrown [src/hotspot/share/prims/jni.cpp, line 516]
Event: 32.787 Thread 0x00007f9cf00010d0 Exception <a 'sun/nio/fs/UnixException'{0x00000000f5a09d18}> (0x00000000f5a09d18) 
thrown [src/hotspot/share/prims/jni.cpp, line 516]
Event: 32.788 Thread 0x00007f9cf00010d0 Exception <a 'sun/nio/fs/UnixException'{0x00000000f5a11f10}> (0x00000000f5a11f10) 
thrown [src/hotspot/share/prims/jni.cpp, line 516]
Event: 32.794 Thread 0x00007f9cf00010d0 Exception <a 'sun/nio/fs/UnixException'{0x00000000f5a14fd8}> (0x00000000f5a14fd8) 
thrown [src/hotspot/share/prims/jni.cpp, line 516]
Event: 32.794 Thread 0x00007f9cf00010d0 Exception <a 'sun/nio/fs/UnixException'{0x00000000f5a15e80}> (0x00000000f5a15e80) 
thrown [src/hotspot/share/prims/jni.cpp, line 516]
Event: 32.796 Thread 0x00007f9cf00010d0 Exception <a 'sun/nio/fs/UnixException'{0x00000000f5a1c000}> (0x00000000f5a1c000) 
thrown [src/hotspot/share/prims/jni.cpp, line 516]
Event: 32.964 Thread 0x00007f9cf00010d0 Exception <a 'java/lang/NoSuchMethodError'{0x00000000f5eb51c8}: 'int java.lang.invoke.DirectMethodHandle$Holder.invokeVirtual(java.lang.Object, java.lang.Object)'> (0x00000000f5eb51c8) 
thrown [src/hotspot/share/interpreter/linkResolver.cpp, line 758]
Event: 33.068 Thread 0x00007f9cf00010d0 Implicit null exception at 0x00007f9d630c87e9 to 0x00007f9d630c899b
Event: 33.070 Thread 0x00007f9cf00010d0 Exception <a 'java/lang/NoSuchMethodError'{0x00000000f6391138}: 'int java.lang.invoke.DirectMethodHandle$Holder.invokeVirtual(java.lang.Object, java.lang.Object, java.lang.Object)'> (0x00000000f6391138) 
thrown [src/hotspot/share/interpreter/linkResolver.cpp, line 758]
Event: 33.797 Thread 0x00007f9cd80df830 Exception <a 'java/lang/NoSuchMethodError'{0x00000000f66e3120}: 'int java.lang.invoke.DirectMethodHandle$Holder.invokeStatic(java.lang.Object, java.lang.Object, java.lang.Object, int)'> (0x00000000f66e3120) 
thrown [src/hotspot/share/interpreter/linkResolver.cpp, line 758]
Event: 34.389 Thread 0x00007f9cf00010d0 Exception <a 'sun/nio/fs/UnixException'{0x00000000f633fbb0}> (0x00000000f633fbb0) 
thrown [src/hotspot/share/prims/jni.cpp, line 516]
Event: 35.992 Thread 0x00007f9cd80df830 Exception <a 'java/lang/NoSuchMethodError'{0x00000000f5997098}: 'java.lang.Object java.lang.invoke.DirectMethodHandle$Holder.invokeStatic(java.lang.Object, int, java.lang.Object, java.lang.Object, java.lang.Object, java.lang.Object)'> (0x00000000f5997098) 
thrown [src/hotspot/share/interpreter/linkResolver.cpp, line 758]
Event: 36.471 Thread 0x00007f9cd80df830 Exception <a 'java/lang/NoSuchMethodError'{0x00000000f59efa40}: 'void java.lang.invoke.DirectMethodHandle$Holder.invokeSpecial(java.lang.Object, java.lang.Object, int)'> (0x00000000f59efa40) 
thrown [src/hotspot/share/interpreter/linkResolver.cpp, line 758]
Event: 37.665 Thread 0x00007f9cd80df830 Exception <a 'java/lang/NoSuchMethodError'{0x00000000f613c588}: 'int java.lang.invoke.DirectMethodHandle$Holder.invokeSpecialIFC(java.lang.Object, java.lang.Object, java.lang.Object, java.lang.Object)'> (0x00000000f613c588) 
thrown [src/hotspot/share/interpreter/linkResolver.cpp, line 758]
Event: 42.400 Thread 0x00007f9d0847fca0 Implicit null exception at 0x00007f9d6312ffe6 to 0x00007f9d63133fd2
Event: 1076.879 Thread 0x00007f9cf8001580 Exception <a 'java/lang/OutOfMemoryError'{0x00000000e0007cb0}> (0x00000000e0007cb0) 
thrown [src/hotspot/share/gc/shared/memAllocator.cpp, line 136]
Event: 1126.566 Thread 0x00007f9cd80f6ec0 Exception <a 'java/lang/OutOfMemoryError'{0x00000000e0007f80}> (0x00000000e0007f80) 
thrown [src/hotspot/share/gc/shared/memAllocator.cpp, line 136]
Event: 1179.283 Thread 0x00007f9cd80df830 Exception <a 'java/lang/OutOfMemoryError'{0x00000000e0008570}> (0x00000000e0008570) 
thrown [src/hotspot/share/gc/shared/memAllocator.cpp, line 136]
Event: 1184.900 Thread 0x00007f9d740b21b0 Exception <a 'java/lang/OutOfMemoryError'{0x00000000e0008570}> (0x00000000e0008570) 
thrown [src/hotspot/share/gc/shared/memAllocator.cpp, line 136]

VM Operations (20 events):
Event: 1165.628 Executing VM operation: ParallelGCFailedAllocation
Event: 1167.109 Executing VM operation: ParallelGCFailedAllocation done
Event: 1167.109 Executing VM operation: ParallelGCFailedAllocation
Event: 1168.600 Executing VM operation: ParallelGCFailedAllocation done
Event: 1168.600 Executing VM operation: ParallelGCFailedAllocation
Event: 1170.161 Executing VM operation: ParallelGCFailedAllocation done
Event: 1170.161 Executing VM operation: ParallelGCFailedAllocation
Event: 1173.193 Executing VM operation: ParallelGCFailedAllocation done
Event: 1173.194 Executing VM operation: ParallelGCFailedAllocation
Event: 1174.801 Executing VM operation: ParallelGCFailedAllocation done
Event: 1174.801 Executing VM operation: ParallelGCFailedAllocation
Event: 1176.285 Executing VM operation: ParallelGCFailedAllocation done
Event: 1176.285 Executing VM operation: ParallelGCFailedAllocation
Event: 1179.283 Executing VM operation: ParallelGCFailedAllocation done
Event: 1179.283 Executing VM operation: ParallelGCFailedAllocation
Event: 1180.672 Executing VM operation: ParallelGCFailedAllocation done
Event: 1180.672 Executing VM operation: ParallelGCFailedAllocation
Event: 1182.193 Executing VM operation: ParallelGCFailedAllocation done
Event: 1182.193 Executing VM operation: ParallelGCFailedAllocation
Event: 1184.900 Executing VM operation: ParallelGCFailedAllocation done

Events (20 events):
Event: 293.666 Thread 0x00007f9cf8001580 Thread added: 0x00007f9cf8001580
Event: 293.666 Protecting memory [0x00007f9d1fb00000,0x00007f9d1fb04000] with protection modes 0
Event: 315.653 Thread 0x00007f9ce40f2110 Thread added: 0x00007f9ce40f2110
Event: 315.653 Protecting memory [0x00007f9d1f900000,0x00007f9d1f904000] with protection modes 0
Event: 979.092 Thread 0x00007f9cd80f6ec0 Thread added: 0x00007f9cd80f6ec0
Event: 979.092 Protecting memory [0x00007f9d1eb00000,0x00007f9d1eb04000] with protection modes 0
Event: 1076.879 loading class java/nio/charset/IllegalCharsetNameException
Event: 1076.879 loading class java/nio/charset/IllegalCharsetNameException done
Event: 1076.879 loading class java/lang/AssertionError
Event: 1110.703 loading class java/lang/AssertionError done
Event: 1144.905 loading class java/util/concurrent/CompletionException
Event: 1144.906 loading class java/util/concurrent/CompletionException done
Event: 1151.083 loading class java/util/concurrent/CancellationException
Event: 1153.968 loading class java/util/concurrent/CancellationException done
Event: 1157.016 loading class java/util/logging/LogRecord
Event: 1157.016 loading class java/util/logging/LogRecord done
Event: 1157.017 loading class java/util/logging/ConsoleHandler
Event: 1157.017 loading class java/util/logging/StreamHandler
Event: 1158.496 loading class java/util/logging/StreamHandler done
Event: 1158.496 loading class java/util/logging/ConsoleHandler done


Dynamic libraries:
e0000000-f5580000 rw-p 00000000 00:00 0 
f5580000-fa300000 rw-p 00000000 00:00 0 
fa300000-100000000 ---p 00000000 00:00 0 
800000000-800449000 rw-p 00001000 00:1969 4611686019135357769            /nix/store/gpxl5qgg8kicmcvivwmybwjlpf7wh20l-graalvm17-ce-22.3.0/lib/server/classes.jsa
800449000-800bc8000 r--p 0044a000 00:1969 4611686019135357769            /nix/store/gpxl5qgg8kicmcvivwmybwjlpf7wh20l-graalvm17-ce-22.3.0/lib/server/classes.jsa
800bc8000-800c00000 ---p 00000000 00:00 0 
800c00000-800c20000 rw-p 00000000 00:00 0 
800c20000-800c40000 rw-p 00000000 00:00 0 
800c40000-800cc0000 rw-p 00000000 00:00 0 
800cc0000-800d00000 rw-p 00000000 00:00 0 
800d00000-800dc0000 rw-p 00000000 00:00 0 
800dc0000-800e00000 rw-p 00000000 00:00 0 
800e00000-800f40000 rw-p 00000000 00:00 0 
800f40000-800f80000 rw-p 00000000 00:00 0 
800f80000-800fc0000 rw-p 00000000 00:00 0 
800fc0000-801000000 rw-p 00000000 00:00 0 
801000000-801190000 rw-p 00000000 00:00 0 
801190000-840c00000 ---p 00000000 00:00 0 
559974b5f000-559974b60000 r-xp 00000000 00:1969 4611686019099417844      /nix/store/gpxl5qgg8kicmcvivwmybwjlpf7wh20l-graalvm17-ce-22.3.0/bin/.java-wrapped
559974b61000-559974b62000 r--p 00001000 00:1969 4611686019099417844      /nix/store/gpxl5qgg8kicmcvivwmybwjlpf7wh20l-graalvm17-ce-22.3.0/bin/.java-wrapped
559974b62000-559974b63000 rw-p 00002000 00:1969 4611686019099417844      /nix/store/gpxl5qgg8kicmcvivwmybwjlpf7wh20l-graalvm17-ce-22.3.0/bin/.java-wrapped
559974b63000-559974b64000 rw-p 00004000 00:1969 4611686019099417844      /nix/store/gpxl5qgg8kicmcvivwmybwjlpf7wh20l-graalvm17-ce-22.3.0/bin/.java-wrapped
559974b64000-559974b65000 rw-p 00005000 00:1969 4611686019099417844      /nix/store/gpxl5qgg8kicmcvivwmybwjlpf7wh20l-graalvm17-ce-22.3.0/bin/.java-wrapped
559974fe2000-55997502a000 rw-p 00000000 00:00 0                          [heap]
7f9cc0000000-7f9cc005a000 rw-p 00000000 00:00 0 
7f9cc005a000-7f9cc4000000 ---p 00000000 00:00 0 
7f9cc64b3000-7f9cd0000000 r--s 00000000 00:1969 4611686019135192581      /nix/store/gpxl5qgg8kicmcvivwmybwjlpf7wh20l-graalvm17-ce-22.3.0/lib/modules
7f9cd0000000-7f9cd0200000 rw-p 00000000 00:00 0 
7f9cd0200000-7f9cd4000000 ---p 00000000 00:00 0 
7f9cd4000000-7f9cd4021000 rw-p 00000000 00:00 0 
7f9cd4021000-7f9cd8000000 ---p 00000000 00:00 0 
7f9cd8000000-7f9cd8180000 rw-p 00000000 00:00 0 
7f9cd8180000-7f9cdc000000 ---p 00000000 00:00 0 
7f9cdc000000-7f9cdc021000 rw-p 00000000 00:00 0 
7f9cdc021000-7f9ce0000000 ---p 00000000 00:00 0 
7f9ce0000000-7f9ce0021000 rw-p 00000000 00:00 0 
7f9ce0021000-7f9ce4000000 ---p 00000000 00:00 0 
7f9ce4000000-7f9ce4140000 rw-p 00000000 00:00 0 
7f9ce4140000-7f9ce8000000 ---p 00000000 00:00 0 
7f9ce8000000-7f9ce8057000 rw-p 00000000 00:00 0 
7f9ce8057000-7f9cec000000 ---p 00000000 00:00 0 
7f9cec000000-7f9cec021000 rw-p 00000000 00:00 0 
7f9cec021000-7f9cf0000000 ---p 00000000 00:00 0 
7f9cf0000000-7f9cf0053000 rw-p 00000000 00:00 0 
7f9cf0053000-7f9cf4000000 ---p 00000000 00:00 0 
7f9cf4000000-7f9cf4336000 rw-p 00000000 00:00 0 
7f9cf4336000-7f9cf8000000 ---p 00000000 00:00 0 
7f9cf8000000-7f9cf80d8000 rw-p 00000000 00:00 0 
7f9cf80d8000-7f9cfc000000 ---p 00000000 00:00 0 
7f9cfc000000-7f9cfc021000 rw-p 00000000 00:00 0 
7f9cfc021000-7f9d00000000 ---p 00000000 00:00 0 
7f9d00000000-7f9d00021000 rw-p 00000000 00:00 0 
7f9d00021000-7f9d04000000 ---p 00000000 00:00 0 
7f9d05800000-7f9d05f60000 rw-p 00000000 00:00 0 
7f9d05f60000-7f9d06000000 ---p 00000000 00:00 0 
7f9d06000000-7f9d06500000 rw-p 00000000 00:00 0 
7f9d06500000-7f9d065b0000 rw-p 00000000 00:00 0 
7f9d065b0000-7f9d06600000 ---p 00000000 00:00 0 
7f9d06600000-7f9d06800000 rw-p 00000000 00:00 0 
7f9d06800000-7f9d06900000 rw-p 00000000 00:00 0 
7f9d06900000-7f9d06b00000 rw-p 00000000 00:00 0 
7f9d06b00000-7f9d06c00000 rw-p 00000000 00:00 0 
7f9d06c00000-7f9d06d00000 rw-p 00000000 00:00 0 
7f9d06d00000-7f9d06e00000 rw-p 00000000 00:00 0 
7f9d06e00000-7f9d06f00000 rw-p 00000000 00:00 0 
7f9d06f00000-7f9d07000000 rw-p 00000000 00:00 0 
7f9d07000000-7f9d07100000 rw-p 00000000 00:00 0 
7f9d07100000-7f9d07780000 rw-p 00000000 00:00 0 
7f9d07780000-7f9d07800000 rw-p 00000000 00:00 0 
7f9d07800000-7f9d07900000 rw-p 00000000 00:00 0 
7f9d07900000-7f9d07a00000 rw-p 00000000 00:00 0 
7f9d07a00000-7f9d07f80000 rw-p 00000000 00:00 0 
7f9d07f80000-7f9d08000000 rw-p 00000000 00:00 0 
7f9d08000000-7f9d088ba000 rw-p 00000000 00:00 0 
7f9d088ba000-7f9d0c000000 ---p 00000000 00:00 0 
7f9d0c000000-7f9d0c02a000 rw-p 00000000 00:00 0 
7f9d0c02a000-7f9d10000000 ---p 00000000 00:00 0 
7f9d10000000-7f9d10021000 rw-p 00000000 00:00 0 
7f9d10021000-7f9d14000000 ---p 00000000 00:00 0 
7f9d14000000-7f9d14021000 rw-p 00000000 00:00 0 
7f9d14021000-7f9d18000000 ---p 00000000 00:00 0 
7f9d18000000-7f9d18021000 rw-p 00000000 00:00 0 
7f9d18021000-7f9d1c000000 ---p 00000000 00:00 0 
7f9d1c600000-7f9d1c610000 r-xp 00000000 00:195c 353                      /home/runner/.cache/jdt-language-server/config/org.eclipse.equinox.launcher/org.eclipse.equinox.launcher.gtk.linux.x86_64_1.2.400.v20211117-0650/eclipse_11600.so
7f9d1c610000-7f9d1c80f000 ---p 00010000 00:195c 353                      /home/runner/.cache/jdt-language-server/config/org.eclipse.equinox.launcher/org.eclipse.equinox.launcher.gtk.linux.x86_64_1.2.400.v20211117-0650/eclipse_11600.so
7f9d1c80f000-7f9d1c810000 r--p 0000f000 00:195c 353                      /home/runner/.cache/jdt-language-server/config/org.eclipse.equinox.launcher/org.eclipse.equinox.launcher.gtk.linux.x86_64_1.2.400.v20211117-0650/eclipse_11600.so
7f9d1c810000-7f9d1c811000 rw-p 00010000 00:195c 353                      /home/runner/.cache/jdt-language-server/config/org.eclipse.equinox.launcher/org.eclipse.equinox.launcher.gtk.linux.x86_64_1.2.400.v20211117-0650/eclipse_11600.so
7f9d1d700000-7f9d1d800000 ---p 00000000 00:00 0 
7f9d1d800000-7f9d1ddaf000 r--p 01122000 00:1969 4611686019135190040      /nix/store/gpxl5qgg8kicmcvivwmybwjlpf7wh20l-graalvm17-ce-22.3.0/lib/libjvmcicompiler.so
7f9d1ddaf000-7f9d1df00000 r--p 00000000 00:00 0 
7f9d1df00000-7f9d1df3d000 rw-p 00000000 00:00 0 
7f9d1df3d000-7f9d1e45d000 rw-p 0185f000 00:1969 4611686019135190040      /nix/store/gpxl5qgg8kicmcvivwmybwjlpf7wh20l-graalvm17-ce-22.3.0/lib/libjvmcicompiler.so
7f9d1e45d000-7f9d1e844000 r--p 01d7f000 00:1969 4611686019135190040      /nix/store/gpxl5qgg8kicmcvivwmybwjlpf7wh20l-graalvm17-ce-22.3.0/lib/libjvmcicompiler.so
7f9d1e900000-7f9d1e904000 ---p 00000000 00:00 0 
7f9d1e904000-7f9d1ea00000 rw-p 00000000 00:00 0 
7f9d1eb00000-7f9d1eb04000 ---p 00000000 00:00 0 
7f9d1eb04000-7f9d1ec00000 rw-p 00000000 00:00 0 
7f9d1ed00000-7f9d1ed04000 ---p 00000000 00:00 0 
7f9d1ed04000-7f9d1ee00000 rw-p 00000000 00:00 0 
7f9d1ef00000-7f9d1ef04000 ---p 00000000 00:00 0 
7f9d1ef04000-7f9d1f000000 rw-p 00000000 00:00 0 
7f9d1f000000-7f9d1f004000 ---p 00000000 00:00 0 
7f9d1f004000-7f9d1f100000 rw-p 00000000 00:00 0 
7f9d1f100000-7f9d1f104000 ---p 00000000 00:00 0 
7f9d1f104000-7f9d1f200000 rw-p 00000000 00:00 0 
7f9d1f300000-7f9d1f304000 ---p 00000000 00:00 0 
7f9d1f304000-7f9d1f400000 rw-p 00000000 00:00 0 
7f9d1f500000-7f9d1f504000 ---p 00000000 00:00 0 
7f9d1f504000-7f9d1f600000 rw-p 00000000 00:00 0 
7f9d1f700000-7f9d1f704000 ---p 00000000 00:00 0 
7f9d1f704000-7f9d1f800000 rw-p 00000000 00:00 0 
7f9d1f900000-7f9d1f904000 ---p 00000000 00:00 0 
7f9d1f904000-7f9d1fa00000 rw-p 00000000 00:00 0 
7f9d1fb00000-7f9d1fb04000 ---p 00000000 00:00 0 
7f9d1fb04000-7f9d1fc00000 rw-p 00000000 00:00 0 
7f9d1fd00000-7f9d1fd04000 ---p 00000000 00:00 0 
7f9d1fd04000-7f9d1fe00000 rw-p 00000000 00:00 0 
7f9d1ff00000-7f9d1ff04000 ---p 00000000 00:00 0 
7f9d1ff04000-7f9d20000000 rw-p 00000000 00:00 0 
7f9d20100000-7f9d20104000 ---p 00000000 00:00 0 
7f9d20104000-7f9d20200000 rw-p 00000000 00:00 0 
7f9d20300000-7f9d20304000 ---p 00000000 00:00 0 
7f9d20304000-7f9d20400000 rw-p 00000000 00:00 0 
7f9d20500000-7f9d20504000 ---p 00000000 00:00 0 
7f9d20504000-7f9d20600000 rw-p 00000000 00:00 0 
7f9d20700000-7f9d20704000 ---p 00000000 00:00 0 
7f9d20704000-7f9d20800000 rw-p 00000000 00:00 0 
7f9d20900000-7f9d20904000 ---p 00000000 00:00 0 
7f9d20904000-7f9d20a00000 rw-p 00000000 00:00 0 
7f9d21668000-7f9d21b00000 rw-p 00000000 00:00 0 
7f9d21c00000-7f9d23d6a000 r-xp 00000000 00:1969 4611686019135190040      /nix/store/gpxl5qgg8kicmcvivwmybwjlpf7wh20l-graalvm17-ce-22.3.0/lib/libjvmcicompiler.so
7f9d23d6a000-7f9d23f69000 ---p 0216a000 00:1969 4611686019135190040      /nix/store/gpxl5qgg8kicmcvivwmybwjlpf7wh20l-graalvm17-ce-22.3.0/lib/libjvmcicompiler.so
7f9d23f69000-7f9d23f6a000 r--p 02169000 00:1969 4611686019135190040      /nix/store/gpxl5qgg8kicmcvivwmybwjlpf7wh20l-graalvm17-ce-22.3.0/lib/libjvmcicompiler.so
7f9d23f6a000-7f9d23f6c000 rw-p 0216a000 00:1969 4611686019135190040      /nix/store/gpxl5qgg8kicmcvivwmybwjlpf7wh20l-graalvm17-ce-22.3.0/lib/libjvmcicompiler.so
7f9d23f6c000-7f9d23f6d000 rw-p 00000000 00:00 0 
7f9d23f6d000-7f9d23f72000 rw-p 023c3000 00:1969 4611686019135190040      /nix/store/gpxl5qgg8kicmcvivwmybwjlpf7wh20l-graalvm17-ce-22.3.0/lib/libjvmcicompiler.so
7f9d24000000-7f9d24021000 rw-p 00000000 00:00 0 
7f9d24021000-7f9d28000000 ---p 00000000 00:00 0 
7f9d28000000-7f9d28021000 rw-p 00000000 00:00 0 
7f9d28021000-7f9d2c000000 ---p 00000000 00:00 0 
7f9d2c000000-7f9d2c089000 rw-p 00000000 00:00 0 
7f9d2c089000-7f9d30000000 ---p 00000000 00:00 0 
7f9d30000000-7f9d30021000 rw-p 00000000 00:00 0 
7f9d30021000-7f9d34000000 ---p 00000000 00:00 0 
7f9d34000000-7f9d340cf000 rw-p 00000000 00:00 0 
7f9d340cf000-7f9d38000000 ---p 00000000 00:00 0 
7f9d38000000-7f9d38846000 rw-p 00000000 00:00 0 
7f9d38846000-7f9d3c000000 ---p 00000000 00:00 0 
7f9d3c000000-7f9d3c021000 rw-p 00000000 00:00 0 
7f9d3c021000-7f9d40000000 ---p 00000000 00:00 0 
7f9d40000000-7f9d40021000 rw-p 00000000 00:00 0 
7f9d40021000-7f9d44000000 ---p 00000000 00:00 0 
7f9d44000000-7f9d44021000 rw-p 00000000 00:00 0 
7f9d44021000-7f9d48000000 ---p 00000000 00:00 0 
7f9d48000000-7f9d48021000 rw-p 00000000 00:00 0 
7f9d48021000-7f9d4c000000 ---p 00000000 00:00 0 
7f9d4c000000-7f9d4c021000 rw-p 00000000 00:00 0 
7f9d4c021000-7f9d50000000 ---p 00000000 00:00 0 
7f9d50000000-7f9d50021000 rw-p 00000000 00:00 0 
7f9d50021000-7f9d54000000 ---p 00000000 00:00 0 
7f9d54000000-7f9d5406c000 rw-p 00000000 00:00 0 
7f9d5406c000-7f9d58000000 ---p 00000000 00:00 0 
7f9d58018000-7f9d58019000 ---p 00000000 00:00 0 
7f9d58019000-7f9d5811a000 rw-p 00000000 00:00 0 
7f9d5811a000-7f9d5811e000 ---p 00000000 00:00 0 
7f9d5811e000-7f9d5821a000 rw-p 00000000 00:00 0 
7f9d5821a000-7f9d5821e000 ---p 00000000 00:00 0 
7f9d5821e000-7f9d5831a000 rw-p 00000000 00:00 0 
7f9d5831a000-7f9d5831e000 ---p 00000000 00:00 0 
7f9d5831e000-7f9d5841a000 rw-p 00000000 00:00 0 
7f9d5841a000-7f9d5841e000 ---p 00000000 00:00 0 
7f9d5841e000-7f9d5861a000 rw-p 00000000 00:00 0 
7f9d5861a000-7f9d5861e000 ---p 00000000 00:00 0 
7f9d5861e000-7f9d5881a000 rw-p 00000000 00:00 0 
7f9d5881a000-7f9d5881e000 ---p 00000000 00:00 0 
7f9d5881e000-7f9d5891a000 rw-p 00000000 00:00 0 
7f9d5891a000-7f9d5891e000 ---p 00000000 00:00 0 
7f9d5891e000-7f9d58a1a000 rw-p 00000000 00:00 0 
7f9d58a1a000-7f9d58a1e000 ---p 00000000 00:00 0 
7f9d58a1e000-7f9d58b1a000 rw-p 00000000 00:00 0 
7f9d58b1a000-7f9d58e00000 r--p 00000000 00:194a 28444448                 /usr/lib/locale/locale-archive
7f9d58e00000-7f9d58e04000 ---p 00000000 00:00 0 
7f9d58e04000-7f9d58f00000 rw-p 00000000 00:00 0 
7f9d58f00000-7f9d58f04000 ---p 00000000 00:00 0 
7f9d58f04000-7f9d59400000 rw-p 00000000 00:00 0 
7f9d59400000-7f9d59600000 rw-p 00000000 00:00 0 
7f9d59600000-7f9d59700000 rw-p 00000000 00:00 0 
7f9d59700000-7f9d59800000 rw-p 00000000 00:00 0 
7f9d5982f000-7f9d59833000 ---p 00000000 00:00 0 
7f9d59833000-7f9d59851000 rw-p 00000000 00:00 0 
7f9d59851000-7f9d59852000 ---p 00000000 00:00 0 
7f9d59852000-7f9d59953000 rw-p 00000000 00:00 0 
7f9d59953000-7f9d59a21000 r-xp 00000000 00:1969 4611686019135190036      /nix/store/gpxl5qgg8kicmcvivwmybwjlpf7wh20l-graalvm17-ce-22.3.0/lib/libjsvml.so
7f9d59a21000-7f9d59a22000 r--p 000cd000 00:1969 4611686019135190036      /nix/store/gpxl5qgg8kicmcvivwmybwjlpf7wh20l-graalvm17-ce-22.3.0/lib/libjsvml.so
7f9d59a22000-7f9d59a23000 rw-p 000ce000 00:1969 4611686019135190036      /nix/store/gpxl5qgg8kicmcvivwmybwjlpf7wh20l-graalvm17-ce-22.3.0/lib/libjsvml.so
7f9d59a23000-7f9d5b2b0000 rw-p 00000000 00:00 0 
7f9d5b2b0000-7f9d5b2b1000 ---p 00000000 00:00 0 
7f9d5b2b1000-7f9d5b45c000 rw-p 00000000 00:00 0 
7f9d5b45c000-7f9d5b484000 rw-p 00000000 00:00 0 
7f9d5b484000-7f9d5b4b2000 ---p 00000000 00:00 0 
7f9d5b4b2000-7f9d5b4b3000 rw-p 00000000 00:00 0 
7f9d5b4b3000-7f9d5b723000 rwxp 00000000 00:00 0 
7f9d5b723000-7f9d5ba42000 ---p 00000000 00:00 0 
7f9d5ba42000-7f9d5c682000 rwxp 00000000 00:00 0 
7f9d5c682000-7f9d62f7a000 ---p 00000000 00:00 0 
7f9d62f7a000-7f9d631ea000 rwxp 00000000 00:00 0 
7f9d631ea000-7f9d6a4b3000 ---p 00000000 00:00 0 
7f9d6a4b3000-7f9d74000000 r--s 00000000 00:1969 4611686019135192581      /nix/store/gpxl5qgg8kicmcvivwmybwjlpf7wh20l-graalvm17-ce-22.3.0/lib/modules
7f9d74000000-7f9d74601000 rw-p 00000000 00:00 0 
7f9d74601000-7f9d78000000 ---p 00000000 00:00 0 
7f9d7800c000-7f9d7800e000 r-xp 00000000 00:1969 4611686019135190017      /nix/store/gpxl5qgg8kicmcvivwmybwjlpf7wh20l-graalvm17-ce-22.3.0/lib/libextnet.so
7f9d7800e000-7f9d7800f000 r--p 00001000 00:1969 4611686019135190017      /nix/store/gpxl5qgg8kicmcvivwmybwjlpf7wh20l-graalvm17-ce-22.3.0/lib/libextnet.so
7f9d7800f000-7f9d78010000 rw-p 00002000 00:1969 4611686019135190017      /nix/store/gpxl5qgg8kicmcvivwmybwjlpf7wh20l-graalvm17-ce-22.3.0/lib/libextnet.so
7f9d78010000-7f9d78011000 rw-p 00004000 00:1969 4611686019135190017      /nix/store/gpxl5qgg8kicmcvivwmybwjlpf7wh20l-graalvm17-ce-22.3.0/lib/libextnet.so
7f9d78011000-7f9d78018000 r-xp 00000000 00:1969 4611686019135192580      /nix/store/gpxl5qgg8kicmcvivwmybwjlpf7wh20l-graalvm17-ce-22.3.0/lib/libzip.so
7f9d78018000-7f9d78019000 ---p 00007000 00:1969 4611686019135192580      /nix/store/gpxl5qgg8kicmcvivwmybwjlpf7wh20l-graalvm17-ce-22.3.0/lib/libzip.so
7f9d78019000-7f9d7801a000 r--p 00007000 00:1969 4611686019135192580      /nix/store/gpxl5qgg8kicmcvivwmybwjlpf7wh20l-graalvm17-ce-22.3.0/lib/libzip.so
7f9d7801a000-7f9d7801b000 rw-p 00008000 00:1969 4611686019135192580      /nix/store/gpxl5qgg8kicmcvivwmybwjlpf7wh20l-graalvm17-ce-22.3.0/lib/libzip.so
7f9d7801b000-7f9d7801d000 rw-p 0000b000 00:1969 4611686019135192580      /nix/store/gpxl5qgg8kicmcvivwmybwjlpf7wh20l-graalvm17-ce-22.3.0/lib/libzip.so
7f9d7801d000-7f9d78032000 r-xp 00000000 00:1969 4611686019135192570      /nix/store/gpxl5qgg8kicmcvivwmybwjlpf7wh20l-graalvm17-ce-22.3.0/lib/libnet.so
7f9d78032000-7f9d78033000 ---p 00015000 00:1969 4611686019135192570      /nix/store/gpxl5qgg8kicmcvivwmybwjlpf7wh20l-graalvm17-ce-22.3.0/lib/libnet.so
7f9d78033000-7f9d78034000 r--p 00015000 00:1969 4611686019135192570      /nix/store/gpxl5qgg8kicmcvivwmybwjlpf7wh20l-graalvm17-ce-22.3.0/lib/libnet.so
7f9d78034000-7f9d78035000 rw-p 00016000 00:1969 4611686019135192570      /nix/store/gpxl5qgg8kicmcvivwmybwjlpf7wh20l-graalvm17-ce-22.3.0/lib/libnet.so
7f9d78035000-7f9d78038000 rw-p 0001b000 00:1969 4611686019135192570      /nix/store/gpxl5qgg8kicmcvivwmybwjlpf7wh20l-graalvm17-ce-22.3.0/lib/libnet.so
7f9d78038000-7f9d7804b000 r-xp 00000000 00:1969 4611686019135192571      /nix/store/gpxl5qgg8kicmcvivwmybwjlpf7wh20l-graalvm17-ce-22.3.0/lib/libnio.so
7f9d7804b000-7f9d7804c000 r--p 00012000 00:1969 4611686019135192571      /nix/store/gpxl5qgg8kicmcvivwmybwjlpf7wh20l-graalvm17-ce-22.3.0/lib/libnio.so
7f9d7804c000-7f9d7804d000 rw-p 00013000 00:1969 4611686019135192571      /nix/store/gpxl5qgg8kicmcvivwmybwjlpf7wh20l-graalvm17-ce-22.3.0/lib/libnio.so
7f9d7804d000-7f9d78052000 rw-p 00019000 00:1969 4611686019135192571      /nix/store/gpxl5qgg8kicmcvivwmybwjlpf7wh20l-graalvm17-ce-22.3.0/lib/libnio.so
7f9d78052000-7f9d780a2000 rw-p 00000000 00:00 0 
7f9d780a2000-7f9d78188000 ---p 00000000 00:00 0 
7f9d78188000-7f9d781a1000 rw-p 00000000 00:00 0 
7f9d781a1000-7f9d78273000 ---p 00000000 00:00 0 
7f9d78273000-7f9d78278000 rw-p 00000000 00:00 0 
7f9d78278000-7f9d7827f000 ---p 00000000 00:00 0 
7f9d7827f000-7f9d782a3000 r-xp 00000000 00:1969 4611686019135190028      /nix/store/gpxl5qgg8kicmcvivwmybwjlpf7wh20l-graalvm17-ce-22.3.0/lib/libjava.so
7f9d782a3000-7f9d782a4000 ---p 00024000 00:1969 4611686019135190028      /nix/store/gpxl5qgg8kicmcvivwmybwjlpf7wh20l-graalvm17-ce-22.3.0/lib/libjava.so
7f9d782a4000-7f9d782a5000 r--p 00024000 00:1969 4611686019135190028      /nix/store/gpxl5qgg8kicmcvivwmybwjlpf7wh20l-graalvm17-ce-22.3.0/lib/libjava.so
7f9d782a5000-7f9d782a6000 rw-p 00025000 00:1969 4611686019135190028      /nix/store/gpxl5qgg8kicmcvivwmybwjlpf7wh20l-graalvm17-ce-22.3.0/lib/libjava.so
7f9d782a6000-7f9d782a7000 rw-p 00000000 00:00 0 
7f9d782a7000-7f9d782ae000 rw-p 0002f000 00:1969 4611686019135190028      /nix/store/gpxl5qgg8kicmcvivwmybwjlpf7wh20l-graalvm17-ce-22.3.0/lib/libjava.so
7f9d782ae000-7f9d782b6000 rw-s 00000000 00:d33 350                       /tmp/hsperfdata_runner/31
7f9d782b6000-7f9d782b7000 ---p 00000000 00:00 0 
7f9d782b7000-7f9d782b8000 r--p 00000000 00:00 0 
7f9d782b8000-7f9d782b9000 rwxp 00000000 00:00 0 
7f9d782b9000-7f9d782d4000 r-xp 00000000 00:1969 4611686019135190032      /nix/store/gpxl5qgg8kicmcvivwmybwjlpf7wh20l-graalvm17-ce-22.3.0/lib/libjimage.so
7f9d782d4000-7f9d782d5000 ---p 0001b000 00:1969 4611686019135190032      /nix/store/gpxl5qgg8kicmcvivwmybwjlpf7wh20l-graalvm17-ce-22.3.0/lib/libjimage.so
7f9d782d5000-7f9d782d7000 r--p 0001b000 00:1969 4611686019135190032      /nix/store/gpxl5qgg8kicmcvivwmybwjlpf7wh20l-graalvm17-ce-22.3.0/lib/libjimage.so
7f9d782d7000-7f9d782d8000 rw-p 0001d000 00:1969 4611686019135190032      /nix/store/gpxl5qgg8kicmcvivwmybwjlpf7wh20l-graalvm17-ce-22.3.0/lib/libjimage.so
7f9d782d8000-7f9d782d9000 rw-p 00024000 00:1969 4611686019135190032      /nix/store/gpxl5qgg8kicmcvivwmybwjlpf7wh20l-graalvm17-ce-22.3.0/lib/libjimage.so
7f9d782d9000-7f9d782dd000 ---p 00000000 00:00 0 
7f9d782dd000-7f9d783d9000 rw-p 00000000 00:00 0 
7f9d783d9000-7f9d783e7000 r--p 00000000 00:1969 4611686019027979927      /nix/store/4nlgxhb09sdr51nc9hdm8az5b08vzkgx-glibc-2.35-163/lib/libm.so.6
7f9d783e7000-7f9d7845a000 r-xp 0000e000 00:1969 4611686019027979927      /nix/store/4nlgxhb09sdr51nc9hdm8az5b08vzkgx-glibc-2.35-163/lib/libm.so.6
7f9d7845a000-7f9d784b7000 r--p 00081000 00:1969 4611686019027979927      /nix/store/4nlgxhb09sdr51nc9hdm8az5b08vzkgx-glibc-2.35-163/lib/libm.so.6
7f9d784b7000-7f9d784b8000 r--p 000dd000 00:1969 4611686019027979927      /nix/store/4nlgxhb09sdr51nc9hdm8az5b08vzkgx-glibc-2.35-163/lib/libm.so.6
7f9d784b8000-7f9d784b9000 rw-p 000de000 00:1969 4611686019027979927      /nix/store/4nlgxhb09sdr51nc9hdm8az5b08vzkgx-glibc-2.35-163/lib/libm.so.6
7f9d784b9000-7f9d784ba000 r--p 00000000 00:1969 4611686019027979946      /nix/store/4nlgxhb09sdr51nc9hdm8az5b08vzkgx-glibc-2.35-163/lib/librt.so.1
7f9d784ba000-7f9d784bb000 r-xp 00001000 00:1969 4611686019027979946      /nix/store/4nlgxhb09sdr51nc9hdm8az5b08vzkgx-glibc-2.35-163/lib/librt.so.1
7f9d784bb000-7f9d784bc000 r--p 00002000 00:1969 4611686019027979946      /nix/store/4nlgxhb09sdr51nc9hdm8az5b08vzkgx-glibc-2.35-163/lib/librt.so.1
7f9d784bc000-7f9d784bd000 r--p 00002000 00:1969 4611686019027979946      /nix/store/4nlgxhb09sdr51nc9hdm8az5b08vzkgx-glibc-2.35-163/lib/librt.so.1
7f9d784bd000-7f9d784be000 rw-p 00003000 00:1969 4611686019027979946      /nix/store/4nlgxhb09sdr51nc9hdm8az5b08vzkgx-glibc-2.35-163/lib/librt.so.1
7f9d784be000-7f9d795d1000 r-xp 00000000 00:1969 4611686019135360866      /nix/store/gpxl5qgg8kicmcvivwmybwjlpf7wh20l-graalvm17-ce-22.3.0/lib/server/libjvm.so
7f9d795d1000-7f9d795d2000 ---p 01113000 00:1969 4611686019135360866      /nix/store/gpxl5qgg8kicmcvivwmybwjlpf7wh20l-graalvm17-ce-22.3.0/lib/server/libjvm.so
7f9d795d2000-7f9d79687000 r--p 01113000 00:1969 4611686019135360866      /nix/store/gpxl5qgg8kicmcvivwmybwjlpf7wh20l-graalvm17-ce-22.3.0/lib/server/libjvm.so
7f9d79687000-7f9d796bb000 rw-p 011c8000 00:1969 4611686019135360866      /nix/store/gpxl5qgg8kicmcvivwmybwjlpf7wh20l-graalvm17-ce-22.3.0/lib/server/libjvm.so
7f9d796bb000-7f9d79717000 rw-p 00000000 00:00 0 
7f9d79717000-7f9d7973f000 r--p 00000000 00:1969 4611686019027979918      /nix/store/4nlgxhb09sdr51nc9hdm8az5b08vzkgx-glibc-2.35-163/lib/libc.so.6
7f9d7973f000-7f9d798b5000 r-xp 00028000 00:1969 4611686019027979918      /nix/store/4nlgxhb09sdr51nc9hdm8az5b08vzkgx-glibc-2.35-163/lib/libc.so.6
7f9d798b5000-7f9d7990d000 r--p 0019e000 00:1969 4611686019027979918      /nix/store/4nlgxhb09sdr51nc9hdm8az5b08vzkgx-glibc-2.35-163/lib/libc.so.6
7f9d7990d000-7f9d79911000 r--p 001f6000 00:1969 4611686019027979918      /nix/store/4nlgxhb09sdr51nc9hdm8az5b08vzkgx-glibc-2.35-163/lib/libc.so.6
7f9d79911000-7f9d79913000 rw-p 001fa000 00:1969 4611686019027979918      /nix/store/4nlgxhb09sdr51nc9hdm8az5b08vzkgx-glibc-2.35-163/lib/libc.so.6
7f9d79913000-7f9d79922000 rw-p 00000000 00:00 0 
7f9d79922000-7f9d79923000 r--p 00000000 00:1969 4611686019027979923      /nix/store/4nlgxhb09sdr51nc9hdm8az5b08vzkgx-glibc-2.35-163/lib/libdl.so.2
7f9d79923000-7f9d79924000 r-xp 00001000 00:1969 4611686019027979923      /nix/store/4nlgxhb09sdr51nc9hdm8az5b08vzkgx-glibc-2.35-163/lib/libdl.so.2
7f9d79924000-7f9d79925000 r--p 00002000 00:1969 4611686019027979923      /nix/store/4nlgxhb09sdr51nc9hdm8az5b08vzkgx-glibc-2.35-163/lib/libdl.so.2
7f9d79925000-7f9d79926000 r--p 00002000 00:1969 4611686019027979923      /nix/store/4nlgxhb09sdr51nc9hdm8az5b08vzkgx-glibc-2.35-163/lib/libdl.so.2
7f9d79926000-7f9d79927000 rw-p 00003000 00:1969 4611686019027979923      /nix/store/4nlgxhb09sdr51nc9hdm8az5b08vzkgx-glibc-2.35-163/lib/libdl.so.2
7f9d79927000-7f9d79928000 r--p 00000000 00:1969 4611686019027979942      /nix/store/4nlgxhb09sdr51nc9hdm8az5b08vzkgx-glibc-2.35-163/lib/libpthread.so.0
7f9d79928000-7f9d79929000 r-xp 00001000 00:1969 4611686019027979942      /nix/store/4nlgxhb09sdr51nc9hdm8az5b08vzkgx-glibc-2.35-163/lib/libpthread.so.0
7f9d79929000-7f9d7992a000 r--p 00002000 00:1969 4611686019027979942      /nix/store/4nlgxhb09sdr51nc9hdm8az5b08vzkgx-glibc-2.35-163/lib/libpthread.so.0
7f9d7992a000-7f9d7992b000 r--p 00002000 00:1969 4611686019027979942      /nix/store/4nlgxhb09sdr51nc9hdm8az5b08vzkgx-glibc-2.35-163/lib/libpthread.so.0
7f9d7992b000-7f9d7992c000 rw-p 00003000 00:1969 4611686019027979942      /nix/store/4nlgxhb09sdr51nc9hdm8az5b08vzkgx-glibc-2.35-163/lib/libpthread.so.0
7f9d7992c000-7f9d7993a000 r-xp 00000000 00:1969 4611686019135190033      /nix/store/gpxl5qgg8kicmcvivwmybwjlpf7wh20l-graalvm17-ce-22.3.0/lib/libjli.so
7f9d7993a000-7f9d7993b000 ---p 0000e000 00:1969 4611686019135190033      /nix/store/gpxl5qgg8kicmcvivwmybwjlpf7wh20l-graalvm17-ce-22.3.0/lib/libjli.so
7f9d7993b000-7f9d7993c000 r--p 0000e000 00:1969 4611686019135190033      /nix/store/gpxl5qgg8kicmcvivwmybwjlpf7wh20l-graalvm17-ce-22.3.0/lib/libjli.so
7f9d7993c000-7f9d7993d000 rw-p 0000f000 00:1969 4611686019135190033      /nix/store/gpxl5qgg8kicmcvivwmybwjlpf7wh20l-graalvm17-ce-22.3.0/lib/libjli.so
7f9d7993d000-7f9d7993e000 rw-p 00012000 00:1969 4611686019135190033      /nix/store/gpxl5qgg8kicmcvivwmybwjlpf7wh20l-graalvm17-ce-22.3.0/lib/libjli.so
7f9d7993e000-7f9d79941000 r--p 00000000 00:1969 4611686019106210071      /nix/store/026hln0aq1hyshaxsdvhg0kmcm6yf45r-zlib-1.2.13/lib/libz.so.1.2.13
7f9d79941000-7f9d79953000 r-xp 00003000 00:1969 4611686019106210071      /nix/store/026hln0aq1hyshaxsdvhg0kmcm6yf45r-zlib-1.2.13/lib/libz.so.1.2.13
7f9d79953000-7f9d7995a000 r--p 00015000 00:1969 4611686019106210071      /nix/store/026hln0aq1hyshaxsdvhg0kmcm6yf45r-zlib-1.2.13/lib/libz.so.1.2.13
7f9d7995a000-7f9d7995b000 r--p 0001b000 00:1969 4611686019106210071      /nix/store/026hln0aq1hyshaxsdvhg0kmcm6yf45r-zlib-1.2.13/lib/libz.so.1.2.13
7f9d7995b000-7f9d7995c000 rw-p 0001c000 00:1969 4611686019106210071      /nix/store/026hln0aq1hyshaxsdvhg0kmcm6yf45r-zlib-1.2.13/lib/libz.so.1.2.13
7f9d7995c000-7f9d7995e000 rw-p 00000000 00:00 0 
7f9d7995e000-7f9d79960000 r--p 00000000 00:1969 4611686019027979912      /nix/store/4nlgxhb09sdr51nc9hdm8az5b08vzkgx-glibc-2.35-163/lib/ld-linux-x86-64.so.2
7f9d79960000-7f9d79987000 r-xp 00002000 00:1969 4611686019027979912      /nix/store/4nlgxhb09sdr51nc9hdm8az5b08vzkgx-glibc-2.35-163/lib/ld-linux-x86-64.so.2
7f9d79987000-7f9d79993000 r--p 00029000 00:1969 4611686019027979912      /nix/store/4nlgxhb09sdr51nc9hdm8az5b08vzkgx-glibc-2.35-163/lib/ld-linux-x86-64.so.2
7f9d79993000-7f9d79995000 r--p 00034000 00:1969 4611686019027979912      /nix/store/4nlgxhb09sdr51nc9hdm8az5b08vzkgx-glibc-2.35-163/lib/ld-linux-x86-64.so.2
7f9d79995000-7f9d79997000 rw-p 00036000 00:1969 4611686019027979912      /nix/store/4nlgxhb09sdr51nc9hdm8az5b08vzkgx-glibc-2.35-163/lib/ld-linux-x86-64.so.2
7ffd4a66b000-7ffd4a68f000 rw-p 00000000 00:00 0                          [stack]
7ffd4a69c000-7ffd4a6a0000 r--p 00000000 00:00 0                          [vvar]
7ffd4a6a0000-7ffd4a6a2000 r-xp 00000000 00:00 0                          [vdso]
ffffffffff600000-ffffffffff601000 --xp 00000000 00:00 0                  [vsyscall]


VM Arguments:
jvm_args: -XX:ThreadPriorityPolicy=1 -XX:+UnlockExperimentalVMOptions -XX:+EnableJVMCIProduct -XX:JVMCIThreadsPerNativeLibraryRuntime=1 -XX:-UnlockExperimentalVMOptions -Declipse.application=org.eclipse.jdt.ls.core.id1 -Dosgi.bundles.defaultStartLevel=4 -Declipse.product=org.eclipse.jdt.ls.core.product -Dlog.level=ALL -Xverify:none -XX:+UseParallelGC -XX:GCTimeRatio=4 -XX:AdaptiveSizePolicyWeight=90 -Dsun.zip.disableMemoryMapping=true -Xmx512m -Xms100m 
java_command: /nix/store/m6gcpi1ii6rghy04cjwjddcavv7i90df-jdt-language-server-1.9.0/share/java/plugins/org.eclipse.equinox.launcher_1.6.400.v20210924-0641.jar --add-modules=ALL-SYSTEM --add-opens java.base/java.util=ALL-UNNAMED --add-opens java.base/java.lang=ALL-UNNAMED -configuration /home/runner/.cache/jdt-language-server/config -data /home/runner/.cache/jdt-language-server/data/home/runner/z34
java_class_path (initial): /nix/store/m6gcpi1ii6rghy04cjwjddcavv7i90df-jdt-language-server-1.9.0/share/java/plugins/org.eclipse.equinox.launcher_1.6.400.v20210924-0641.jar
Launcher Type: SUN_STANDARD

[Global flags]
    uintx AdaptiveSizePolicyWeight                 = 90                                        {product} {command line}
     intx CICompilerCount                          = 2                                         {product} {ergonomic}
     bool EnableJVMCIProduct                       = true                                {JVMCI product} {jimage}
    uintx GCTimeRatio                              = 4                                         {product} {command line}
   size_t InitialHeapSize                          = 104857600                                 {product} {command line}
     uint JVMCIThreadsPerNativeLibraryRuntime      = 1                                   {JVMCI product} {jimage}
   size_t MaxHeapSize                              = 536870912                                 {product} {command line}
   size_t MaxNewSize                               = 178782208                                 {product} {ergonomic}
   size_t MinHeapDeltaBytes                        = 524288                                    {product} {ergonomic}
   size_t MinHeapSize                              = 104857600                                 {product} {command line}
   size_t NewSize                                  = 34603008                                  {product} {ergonomic}
    uintx NonNMethodCodeHeapSize                   = 5826188                                {pd product} {ergonomic}
    uintx NonProfiledCodeHeapSize                  = 122916026                              {pd product} {ergonomic}
   size_t OldSize                                  = 70254592                                  {product} {ergonomic}
    uintx ProfiledCodeHeapSize                     = 122916026                              {pd product} {ergonomic}
    uintx ReservedCodeCacheSize                    = 251658240                              {pd product} {ergonomic}
     bool SegmentedCodeCache                       = true                                      {product} {ergonomic}
   size_t SoftMaxHeapSize                          = 536870912                              {manageable} {ergonomic}
     intx ThreadPriorityPolicy                     = 1                                         {product} {jimage}
     bool UseCompressedClassPointers               = true                           {product lp64_product} {ergonomic}
     bool UseCompressedOops                        = true                           {product lp64_product} {ergonomic}
     bool UseParallelGC                            = true                                      {product} {command line}

Logging:
Log output configuration:
 #0: stdout all=warning uptime,level,tags
 #1: stderr all=off uptime,level,tags

Environment Variables:
JAVA_HOME=/nix/store/gpxl5qgg8kicmcvivwmybwjlpf7wh20l-graalvm17-ce-22.3.0
PATH=/nix/store/1d6ian3r8kdzspw8hacjhl3xkp40g1lj-binutils-wrapper-2.39/bin:/nix/store/dq0xwmsk1g0i2ayg6pb7y87na2knzylh-gcc-wrapper-11.3.0/bin:/nix/store/bap4d0lpcrhpwmpb8ayjcgkmvfj62lnq-bash-interactive-5.1-p16/bin:/nix/store/pr5n59mb4jzmfx6kanwxly0l07p861fg-patchelf-0.15.0/bin:/nix/store/1gf2flfqnpqbr1b4p4qz2f72y42bs56r-gcc-11.3.0/bin:/nix/store/57xv61c5zi8pphjbcwxxjlgc34p61ic9-glibc-2.35-163-bin/bin:/nix/store/a7gvj343m05j2s32xcnwr35v31ynlypr-coreutils-9.1/bin:/nix/store/039g378vc3pc3dvi9dzdlrd0i4q93qwf-binutils-2.39/bin:/nix/store/gpxl5qgg8kicmcvivwmybwjlpf7wh20l-graalvm17-ce-22.3.0/bin:/nix/store/6z9ag3ihc8mq2hzsw48lhbznvzny65nz-apache-maven-3.8.6/bin:/nix/store/m6gcpi1ii6rghy04cjwjddcavv7i90df-jdt-language-server-1.9.0/bin:/nix/store/84xs5alhs01zrbr4ywm05kxbjbp5590l-java-debug/bin:/nix/store/mydc6f4k2z73xlcz7ilif3v2lcaiqvza-findutils-4.9.0/bin:/nix/store/j9p3g8472iijd50vhdprx0nmk2fqn5gv-diffutils-3.8/bin:/nix/store/89zs7rms6x00xfq4dq6m7mjnhkr8a6r4-gnused-4.8/bin:/nix/store/86bp03jkmsl6f92w0yzg4s59g5mhxwmy-gnugrep-3.7/bin:/nix/store/hwcdqw4jrjnd37wxqgsd47hd0j8bnj09-gawk-5.1.1/bin:/nix/store/cfbhw8r8ags41vwqaz47r583d0p4h4a1-gnutar-1.34/bin:/nix/store/p3m1ndl1lapwrlh698bnb5lvvxh67378-gzip-1.12/bin:/nix/store/a8mhcagrsly7c7mpjrpsnaahk4aax056-bzip2-1.0.8-bin/bin:/nix/store/mblgz65m3zv9x548a3d5m96fj2pbwr09-gnumake-4.3/bin:/nix/store/dsd5gz46hdbdk2rfdimqddhq6m8m8fqs-bash-5.1-p16/bin:/nix/store/v7ljksji50mg3w61dykaa3n3y79n6nil-patch-2.7.6/bin:/nix/store/zlcnmqq14jz5x9439jf937mvayyl63da-xz-5.2.7-bin/bin:/nix/store/y6aj732zm9m87c82fpvf103a1xb22blp-file-5.43/bin:/nix/store/sgqd0ajghcv2axfl1lad0b1alyavp0dc-prybar-elisp-0.0.0-67f7a00/bin:/nix/store/p3hsvljpgs68jqwar41lc0jqhjj734lf-prybar-lua-0.0.0-67f7a00/bin:/nix/store/qzxs2gybds3s9kb1vkaflpgm2nwr85fh-prybar-python3-0.0.0-67f7a00/bin:/nix/store/km94z9mxp8w4m8gxxp5mbfpdf3nkfvd8-prybar-sqlite-0.0.0-67f7a00/bin:/nix/store/2pnc7b76asw0z59c4l6h6qy8arwqrii1-prybar-tcl-0.0.0-67f7a00/bin:/nix/store/hpbvrlwd5viqmvcaisb3x0118i913a9n-st
LD_LIBRARY_PATH=/nix/store/a4pff549sk2idnkpzk5nsfps3mdkdnvm-cups-2.4.2-lib/lib:/nix/store/72mqxxhh3cy5yifh92wh2yb8cl2hikyy-cairo-1.16.0/lib:/nix/store/2k366jrbsra97gjfxwvrhvixjfxdach5-glib-2.74.1/lib:/nix/store/2j2znigd8ak37rlwh9khz0ry3clqlw1l-gtk+3-3.24.34/lib:/nix/store/hisqvx32cd57apbpcsnkpx6k3549wql1-libglvnd-1.4.0/lib:/nix/store/p36pgcv991mq5srvg765b78yqpxvk3qs-mesa-21.3.3-drivers/lib:/nix/store/mav4251if1ahjq5vkpwycyyvnmy459c4-pulseaudio-14.2/lib
DISPLAY=:0
LANG=en_US.UTF-8

Signal Handlers:
   SIGSEGV: crash_handler in libjvm.so, mask=11100100010111111101111111111110, flags=SA_RESTART|SA_SIGINFO
    SIGBUS: crash_handler in libjvm.so, mask=11100100010111111101111111111110, flags=SA_RESTART|SA_SIGINFO
    SIGFPE: crash_handler in libjvm.so, mask=11100100010111111101111111111110, flags=SA_RESTART|SA_SIGINFO
   SIGPIPE: IsolateEnterStub_IgnoreSIGPIPEStartupHook_noopSignalHandler_8f19bff2f35b5f630d83b364d6b2339320d4ec70_216e8361c6bc87a8f89f58cc10d3b2fd4415bf87 in libjvmcicompiler.so, mask=00000000000000000000000000000000, flags=SA_RESTART
  *** Handler was modified!
  *** Expected: javaSignalHandler in libjvm.so, mask=11100100110111111111111111111110, flags=SA_RESTART|SA_SIGINFO
   SIGXFSZ: javaSignalHandler in libjvm.so, mask=11100100010111111101111111111110, flags=SA_RESTART|SA_SIGINFO
    SIGILL: crash_handler in libjvm.so, mask=11100100010111111101111111111110, flags=SA_RESTART|SA_SIGINFO
   SIGUSR2: SR_handler in libjvm.so, mask=00000000000000000000000000000000, flags=SA_RESTART|SA_SIGINFO
    SIGHUP: UserHandler in libjvm.so, mask=11100100010111111101111111111110, flags=SA_RESTART|SA_SIGINFO
    SIGINT: UserHandler in libjvm.so, mask=11100100010111111101111111111110, flags=SA_RESTART|SA_SIGINFO
   SIGTERM: UserHandler in libjvm.so, mask=11100100010111111101111111111110, flags=SA_RESTART|SA_SIGINFO
   SIGQUIT: UserHandler in libjvm.so, mask=11100100010111111101111111111110, flags=SA_RESTART|SA_SIGINFO
  *** Handler was modified!
  *** Expected: javaSignalHandler in libjvm.so, mask=11100100110111111111111111111110, flags=SA_RESTART|SA_SIGINFO
   SIGTRAP: crash_handler in libjvm.so, mask=11100100010111111101111111111110, flags=SA_RESTART|SA_SIGINFO


---------------  S Y S T E M  ---------------

OS:
DISTRIB_ID=Ubuntu
DISTRIB_RELEASE=20.04
DISTRIB_CODENAME=focal
DISTRIB_DESCRIPTION="Ubuntu 20.04.2 LTS"
uname: Linux 5.15.0-1030-gcp #37~20.04.1-Ubuntu SMP Mon Feb 20 04:30:57 UTC 2023 x86_64
OS uptime: 0 days 2:29 hours
libc: glibc 2.35 NPTL 2.35 
rlimit (soft/hard): STACK 8192k/infinity , CORE infinity/infinity , NPROC infinity/infinity , NOFILE 5242/5242 , AS infinity/infinity , CPU infinity/infinity , DATA infinity/infinity , FSIZE infinity/infinity , MEMLOCK 64k/64k
load average: 12.85 12.05 13.96

/proc/meminfo:
MemTotal:       65852728 kB
MemFree:        33071204 kB
MemAvailable:   48796400 kB
Buffers:         1454416 kB
Cached:         13413696 kB
SwapCached:            0 kB
Active:          6276808 kB
Inactive:       23168696 kB
Active(anon):      15960 kB
Inactive(anon): 14188196 kB
Active(file):    6260848 kB
Inactive(file):  8980500 kB
Unevictable:       42976 kB
Mlocked:           42976 kB
SwapTotal:             0 kB
SwapFree:              0 kB
Dirty:              2588 kB
Writeback:           124 kB
AnonPages:      14020524 kB
Mapped:          1753412 kB
Shmem:             39248 kB
KReclaimable:    1210448 kB
Slab:            2336144 kB
SReclaimable:    1210448 kB
SUnreclaim:      1125696 kB
KernelStack:      403412 kB
PageTables:       171796 kB
NFS_Unstable:          0 kB
Bounce:                0 kB
WritebackTmp:          0 kB
CommitLimit:    32926364 kB
Committed_AS:   69394812 kB
VmallocTotal:   34359738367 kB
VmallocUsed:      438248 kB
VmallocChunk:          0 kB
Percpu:            52384 kB
HardwareCorrupted:     0 kB
AnonHugePages:    575488 kB
ShmemHugePages:        0 kB
ShmemPmdMapped:        0 kB
FileHugePages:         0 kB
FilePmdMapped:         0 kB
HugePages_Total:       0
HugePages_Free:        0
HugePages_Rsvd:        0
HugePages_Surp:        0
Hugepagesize:       2048 kB
Hugetlb:               0 kB
DirectMap4k:     3109696 kB
DirectMap2M:    37781504 kB
DirectMap1G:    28311552 kB

/sys/kernel/mm/transparent_hugepage/enabled: always [madvise] never
/sys/kernel/mm/transparent_hugepage/defrag (defrag/compaction efforts parameter): always defer defer+madvise [madvise] never

Process Memory:
Virtual Size: 4513880K (peak: 4606780K)
Resident Set Size: 745928K (peak: 780596K) (anon: 552632K, file: 193296K, shmem: 0K)
Swapped out: 0K
C-Heap outstanding allocations: 40446K, retained: 9625K
glibc malloc tunables: (default)

/proc/sys/kernel/threads-max (system-wide limit on the number of threads): 514406
/proc/sys/vm/max_map_count (maximum number of memory map areas a process may have): 65530
/proc/sys/kernel/pid_max (system-wide limit on number of process identifiers): 4194304

container (cgroup) information:
container_type: cgroupv1
cpu_cpuset_cpus: 2-7
cpu_memory_nodes: 0
active_processor_count: 1
cpu_quota: 50000
cpu_period: 100000
cpu_shares: 512
memory_limit_in_bytes: 1048576 k
memory_and_swap_limit_in_bytes: 1048576 k
memory_soft_limit_in_bytes: 524288 k
memory_usage_in_bytes: 595360 k
memory_max_usage_in_bytes: 659704 k
maximum number of tasks: 1000
current number of tasks: 50

KVM virtualization detected
Steal ticks since vm start: 0
Steal ticks percentage since vm start:  0.000

CPU: total 8 (initial active 1) (8 cores per cpu, 2 threads per core) family 23 model 49 stepping 0 microcode 0xffffffff, cx8, cmov, fxsr, ht, mmx, 3dnowpref, sse, sse2, sse3, ssse3, sse4a, sse4.1, sse4.2, popcnt, lzcnt, tsc, tscinvbit, avx, avx2, aes, clmul, bmi1, bmi2, adx, sha, fma, vzeroupper, clflush, clflushopt, hv
CPU Model and flags from /proc/cpuinfo:
model name	: AMD EPYC 7B12
flags		: fpu vme de pse tsc msr pae mce cx8 apic sep mtrr pge mca cmov pat pse36 clflush mmx fxsr sse sse2 ht syscall nx mmxext fxsr_opt pdpe1gb rdtscp lm constant_tsc rep_good nopl nonstop_tsc cpuid extd_apicid tsc_known_freq pni pclmulqdq ssse3 fma cx16 sse4_1 sse4_2 movbe popcnt aes xsave avx f16c rdrand hypervisor lahf_lm cmp_legacy cr8_legacy abm sse4a misalignsse 3dnowprefetch osvw topoext ssbd ibrs ibpb stibp vmmcall fsgsbase tsc_adjust bmi1 avx2 smep bmi2 rdseed adx smap clflushopt clwb sha_ni xsaveopt xsavec xgetbv1 clzero xsaveerptr arat npt nrip_save umip rdpid

Online cpus: 0-7
Offline cpus: 
BIOS frequency limitation: <Not Available>
Frequency switch latency (ns): <Not Available>
Available cpu frequencies: <Not Available>
Current governor: <Not Available>
Core performance/turbo boost: <Not Available>

Memory: 4k page, physical 1048576k(453204k free), swap 0k(0k free)
Page Sizes: 4k

vm_info: OpenJDK 64-Bit Server VM (17.0.5+8-jvmci-22.3-b08) for linux-amd64 JRE (17.0.5+8-jvmci-22.3-b08), built on Oct 19 2022 09:01:27 by "buildslave" with gcc 10.3.0

END.
